09:22:57.630 INFO - Launching a standalone Selenium Server
Setting system property webdriver.chrome.driver to ./lib/chromedriver.exe
09:22:57.669 INFO - Java: Oracle Corporation 25.91-b15
09:22:57.670 INFO - OS: Windows 10 10.0 amd64
09:22:57.679 INFO - v2.53.0, with Core v2.53.0. Built from revision 35ae25b
09:22:57.726 INFO - Driver class not found: com.opera.core.systems.OperaDriver
09:22:57.727 INFO - Driver provider com.opera.core.systems.OperaDriver is not registered
09:22:57.733 INFO - Driver provider org.openqa.selenium.safari.SafariDriver registration is skipped:
registration capabilities Capabilities [{browserName=safari, version=, platform=MAC}] does not match the current platform WIN10
09:22:57.733 INFO - Driver class not found: org.openqa.selenium.htmlunit.HtmlUnitDriver
09:22:57.734 INFO - Driver provider org.openqa.selenium.htmlunit.HtmlUnitDriver is not registered
09:22:57.798 INFO - RemoteWebDriver instances should connect to: http://127.0.0.1:4444/wd/hub
09:22:57.798 INFO - Selenium Server is up and running
09:22:58.429 INFO - Executing: [new session: Capabilities [{acceptSslCerts=true, name=Race, browserName=firefox, javascriptEnabled=true, platform=ANY}]])
09:22:58.437 INFO - Creating a new session for Capabilities [{acceptSslCerts=true, name=Race, browserName=firefox, javascriptEnabled=true, platform=ANY}]
09:23:01.979 INFO - Done: [new session: Capabilities [{acceptSslCerts=true, name=Race, browserName=firefox, javascriptEnabled=true, platform=ANY}]]
09:23:01.990 INFO - Executing: [get: http://web-test.local.sportmaniacs.com/es/login])
09:23:03.878 INFO - Done: [get: http://web-test.local.sportmaniacs.com/es/login]
09:23:03.884 INFO - Executing: [find element: By.cssSelector: #loginFormEmail])
09:23:03.946 INFO - Done: [find element: By.cssSelector: #loginFormEmail]
09:23:03.950 INFO - Executing: [send keys: 0 [[FirefoxDriver: firefox on WINDOWS (389e18db-7c38-49d5-aec0-c47bb9159c1b)] -> css selector: #loginFormEmail], [n, a, c, h, o, @, s, p, o, r, t, m, a, n, i, a, c, s, ., c, o, m]])
09:23:04.045 INFO - Done: [send keys: 0 [[FirefoxDriver: firefox on WINDOWS (389e18db-7c38-49d5-aec0-c47bb9159c1b)] -> css selector: #loginFormEmail], [n, a, c, h, o, @, s, p, o, r, t, m, a, n, i, a, c, s, ., c, o, m]]
09:23:04.049 INFO - Executing: [find element: By.cssSelector: #loginFormPassword])
09:23:04.066 INFO - Done: [find element: By.cssSelector: #loginFormPassword]
09:23:04.069 INFO - Executing: [send keys: 1 [[FirefoxDriver: firefox on WINDOWS (389e18db-7c38-49d5-aec0-c47bb9159c1b)] -> css selector: #loginFormPassword], [A, e, r, i, t, h, 7]])
09:23:04.133 INFO - Done: [send keys: 1 [[FirefoxDriver: firefox on WINDOWS (389e18db-7c38-49d5-aec0-c47bb9159c1b)] -> css selector: #loginFormPassword], [A, e, r, i, t, h, 7]]
09:23:04.136 INFO - Executing: [find element: By.cssSelector: body > main > div > div > section:nth-child(2) > div > div > form > fieldset > div.u-pt-md > div > div:nth-child(1) > button])
09:23:04.152 INFO - Done: [find element: By.cssSelector: body > main > div > div > section:nth-child(2) > div > div > form > fieldset > div.u-pt-md > div > div:nth-child(1) > button]
09:23:04.155 INFO - Executing: [click: 2 [[FirefoxDriver: firefox on WINDOWS (389e18db-7c38-49d5-aec0-c47bb9159c1b)] -> css selector: body > main > div > div > section:nth-child(2) > div > div > form > fieldset > div.u-pt-md > div > div:nth-child(1) > button]])
09:23:04.349 INFO - Done: [click: 2 [[FirefoxDriver: firefox on WINDOWS (389e18db-7c38-49d5-aec0-c47bb9159c1b)] -> css selector: body > main > div > div > section:nth-child(2) > div > div > form > fieldset > div.u-pt-md > div > div:nth-child(1) > button]]
09:23:04.353 INFO - Executing: [get: http://web-test.local.sportmaniacs.com/es/services/inscription/carrera-inscriptiones-test/369])
09:23:07.272 INFO - Done: [get: http://web-test.local.sportmaniacs.com/es/services/inscription/carrera-inscriptiones-test/369]
09:23:07.283 INFO - Executing: [find elements: By.cssSelector: form])
09:23:07.309 INFO - Done: [find elements: By.cssSelector: form]
09:23:07.315 INFO - Executing: [execute script: var passedArgs = Array.prototype.slice.call(arguments,0); return function (searchField) {
				return $("[data-short-name='" + searchField + "']").length; 
			}.apply(window, passedArgs);, [name]])
09:23:07.344 INFO - Done: [execute script: var passedArgs = Array.prototype.slice.call(arguments,0); return function (searchField) {
				return $("[data-short-name='" + searchField + "']").length; 
			}.apply(window, passedArgs);, [name]]
09:23:07.348 INFO - Executing: [execute script: var passedArgs = Array.prototype.slice.call(arguments,0); return function (searchField) {
				return $("[data-short-name='" + searchField + "']").length; 
			}.apply(window, passedArgs);, [surname]])
09:23:07.370 INFO - Done: [execute script: var passedArgs = Array.prototype.slice.call(arguments,0); return function (searchField) {
				return $("[data-short-name='" + searchField + "']").length; 
			}.apply(window, passedArgs);, [surname]]
09:23:07.375 INFO - Executing: [execute script: var passedArgs = Array.prototype.slice.call(arguments,0); return function (searchField) {
				return $("[data-short-name='" + searchField + "']").length; 
			}.apply(window, passedArgs);, [mail]])
09:23:07.398 INFO - Done: [execute script: var passedArgs = Array.prototype.slice.call(arguments,0); return function (searchField) {
				return $("[data-short-name='" + searchField + "']").length; 
			}.apply(window, passedArgs);, [mail]]
09:23:07.402 INFO - Executing: [execute script: var passedArgs = Array.prototype.slice.call(arguments,0); return function (searchField) {
				return $("[data-short-name='" + searchField + "']").length; 
			}.apply(window, passedArgs);, [verify_email]])
09:23:07.428 INFO - Done: [execute script: var passedArgs = Array.prototype.slice.call(arguments,0); return function (searchField) {
				return $("[data-short-name='" + searchField + "']").length; 
			}.apply(window, passedArgs);, [verify_email]]
09:23:07.432 INFO - Executing: [execute script: var passedArgs = Array.prototype.slice.call(arguments,0); return function (searchField) {
				return $("[data-short-name='" + searchField + "']").length; 
			}.apply(window, passedArgs);, [dni]])
09:23:07.455 INFO - Done: [execute script: var passedArgs = Array.prototype.slice.call(arguments,0); return function (searchField) {
				return $("[data-short-name='" + searchField + "']").length; 
			}.apply(window, passedArgs);, [dni]]
09:23:07.459 INFO - Executing: [execute script: var passedArgs = Array.prototype.slice.call(arguments,0); return function (searchField) {
				return $("[data-short-name='" + searchField + "']").length; 
			}.apply(window, passedArgs);, [tipodni]])
09:23:07.496 INFO - Done: [execute script: var passedArgs = Array.prototype.slice.call(arguments,0); return function (searchField) {
				return $("[data-short-name='" + searchField + "']").length; 
			}.apply(window, passedArgs);, [tipodni]]
09:23:07.499 INFO - Executing: [execute script: var passedArgs = Array.prototype.slice.call(arguments,0); return function (searchField) {
				return $("[data-short-name='" + searchField + "']").length; 
			}.apply(window, passedArgs);, [gender]])
09:23:07.524 INFO - Done: [execute script: var passedArgs = Array.prototype.slice.call(arguments,0); return function (searchField) {
				return $("[data-short-name='" + searchField + "']").length; 
			}.apply(window, passedArgs);, [gender]]
09:23:07.528 INFO - Executing: [execute script: var passedArgs = Array.prototype.slice.call(arguments,0); return function (searchField) {
				return $("[data-short-name='" + searchField + "']").length; 
			}.apply(window, passedArgs);, [dateofbirthday]])
09:23:07.552 INFO - Done: [execute script: var passedArgs = Array.prototype.slice.call(arguments,0); return function (searchField) {
				return $("[data-short-name='" + searchField + "']").length; 
			}.apply(window, passedArgs);, [dateofbirthday]]
09:23:07.556 INFO - Executing: [execute script: var passedArgs = Array.prototype.slice.call(arguments,0); return function (searchField) {
				return $("[data-short-name='" + searchField + "']").length; 
			}.apply(window, passedArgs);, [prefix_phone]])
09:23:07.583 INFO - Done: [execute script: var passedArgs = Array.prototype.slice.call(arguments,0); return function (searchField) {
				return $("[data-short-name='" + searchField + "']").length; 
			}.apply(window, passedArgs);, [prefix_phone]]
09:23:07.586 INFO - Executing: [execute script: var passedArgs = Array.prototype.slice.call(arguments,0); return function (searchField) {
				return $("[data-short-name='" + searchField + "']").length; 
			}.apply(window, passedArgs);, [phone]])
09:23:07.613 INFO - Done: [execute script: var passedArgs = Array.prototype.slice.call(arguments,0); return function (searchField) {
				return $("[data-short-name='" + searchField + "']").length; 
			}.apply(window, passedArgs);, [phone]]
09:23:07.616 INFO - Executing: [execute script: var passedArgs = Array.prototype.slice.call(arguments,0); return function (searchField) {
				return $("[data-short-name='" + searchField + "']").length; 
			}.apply(window, passedArgs);, [prefix_phone_emergency]])
09:23:07.644 INFO - Done: [execute script: var passedArgs = Array.prototype.slice.call(arguments,0); return function (searchField) {
				return $("[data-short-name='" + searchField + "']").length; 
			}.apply(window, passedArgs);, [prefix_phone_emergency]]
09:23:07.647 INFO - Executing: [execute script: var passedArgs = Array.prototype.slice.call(arguments,0); return function (searchField) {
				return $("[data-short-name='" + searchField + "']").length; 
			}.apply(window, passedArgs);, [phone_emergency]])
09:23:07.678 INFO - Done: [execute script: var passedArgs = Array.prototype.slice.call(arguments,0); return function (searchField) {
				return $("[data-short-name='" + searchField + "']").length; 
			}.apply(window, passedArgs);, [phone_emergency]]
09:23:07.682 INFO - Executing: [execute script: var passedArgs = Array.prototype.slice.call(arguments,0); return function (searchField) {
				return $("[data-short-name='" + searchField + "']").length; 
			}.apply(window, passedArgs);, [code]])
09:23:07.711 INFO - Done: [execute script: var passedArgs = Array.prototype.slice.call(arguments,0); return function (searchField) {
				return $("[data-short-name='" + searchField + "']").length; 
			}.apply(window, passedArgs);, [code]]
09:23:07.715 INFO - Executing: [execute script: var passedArgs = Array.prototype.slice.call(arguments,0); return function (searchField) {
				return $("[data-short-name='" + searchField + "']").length; 
			}.apply(window, passedArgs);, [address]])
09:23:07.750 INFO - Done: [execute script: var passedArgs = Array.prototype.slice.call(arguments,0); return function (searchField) {
				return $("[data-short-name='" + searchField + "']").length; 
			}.apply(window, passedArgs);, [address]]
09:23:07.753 INFO - Executing: [execute script: var passedArgs = Array.prototype.slice.call(arguments,0); return function (searchField) {
				return $("[data-short-name='" + searchField + "']").length; 
			}.apply(window, passedArgs);, [country_id]])
09:23:07.783 INFO - Done: [execute script: var passedArgs = Array.prototype.slice.call(arguments,0); return function (searchField) {
				return $("[data-short-name='" + searchField + "']").length; 
			}.apply(window, passedArgs);, [country_id]]
09:23:07.787 INFO - Executing: [execute script: var passedArgs = Array.prototype.slice.call(arguments,0); return function (searchField) {
				return $("[data-short-name='" + searchField + "']").length; 
			}.apply(window, passedArgs);, [province_id]])
09:23:07.818 INFO - Done: [execute script: var passedArgs = Array.prototype.slice.call(arguments,0); return function (searchField) {
				return $("[data-short-name='" + searchField + "']").length; 
			}.apply(window, passedArgs);, [province_id]]
09:23:07.821 INFO - Executing: [execute script: var passedArgs = Array.prototype.slice.call(arguments,0); return function (searchField) {
				return $("[data-short-name='" + searchField + "']").length; 
			}.apply(window, passedArgs);, [city_id]])
09:23:07.853 INFO - Done: [execute script: var passedArgs = Array.prototype.slice.call(arguments,0); return function (searchField) {
				return $("[data-short-name='" + searchField + "']").length; 
			}.apply(window, passedArgs);, [city_id]]
09:23:07.856 INFO - Executing: [execute script: var passedArgs = Array.prototype.slice.call(arguments,0); return function (searchField) {
				return $("[data-short-name='" + searchField + "']").length; 
			}.apply(window, passedArgs);, [club]])
09:23:07.887 INFO - Done: [execute script: var passedArgs = Array.prototype.slice.call(arguments,0); return function (searchField) {
				return $("[data-short-name='" + searchField + "']").length; 
			}.apply(window, passedArgs);, [club]]
09:23:07.892 INFO - Executing: [execute script: var passedArgs = Array.prototype.slice.call(arguments,0); return function (searchField) {
				return $("[data-short-name='" + searchField + "']").length; 
			}.apply(window, passedArgs);, [club2]])
09:23:07.927 INFO - Done: [execute script: var passedArgs = Array.prototype.slice.call(arguments,0); return function (searchField) {
				return $("[data-short-name='" + searchField + "']").length; 
			}.apply(window, passedArgs);, [club2]]
09:23:07.930 INFO - Executing: [get: http://web-test.local.sportmaniacs.com/es/services/inscription/carrera-inscriptiones-test/369])
09:23:10.112 INFO - Done: [get: http://web-test.local.sportmaniacs.com/es/services/inscription/carrera-inscriptiones-test/369]
09:23:10.114 INFO - Executing: [find elements: By.cssSelector: form])
09:23:10.150 INFO - Done: [find elements: By.cssSelector: form]
09:23:10.153 INFO - Executing: [execute script: var passedArgs = Array.prototype.slice.call(arguments,0); return function (params) {

			var result = [];
			var fields = $(".form-register fieldset.active [name]:not([type=hidden])");
			var pushed = [];

			fields.each(function(index, item) {

				var name = $(item).data("short-name");
				var id = $(item).attr("id");

				if(!id)
					return true;

				if(!name)
					name = $(item).closest("[data-short-name]").data("short-name");

				if($(item).is("[type=radio]")) {
					id = id.split("_").slice(0, id.split("_").length - 1).join("_");
				}

				if(pushed.indexOf(id) == -1) {

					result.push({
						id: id,
						name: name
					});

					pushed.push(id);
				}


			});


			return result;

		}.apply(window, passedArgs);, []])
09:23:10.411 INFO - Done: [execute script: var passedArgs = Array.prototype.slice.call(arguments,0); return function (params) {

			var result = [];
			var fields = $(".form-register fieldset.active [name]:not([type=hidden])");
			var pushed = [];

			fields.each(function(index, item) {

				var name = $(item).data("short-name");
				var id = $(item).attr("id");

				if(!id)
					return true;

				if(!name)
					name = $(item).closest("[data-short-name]").data("short-name");

				if($(item).is("[type=radio]")) {
					id = id.split("_").slice(0, id.split("_").length - 1).join("_");
				}

				if(pushed.indexOf(id) == -1) {

					result.push({
						id: id,
						name: name
					});

					pushed.push(id);
				}


			});


			return result;

		}.apply(window, passedArgs);, []]
09:23:10.937 INFO - Executing: [find element: By.cssSelector: #data_RFEA_license_type_validate])
09:23:11.017 INFO - Done: [find element: By.cssSelector: #data_RFEA_license_type_validate]
09:23:11.020 INFO - Executing: [send keys: 7 [[FirefoxDriver: firefox on WINDOWS (389e18db-7c38-49d5-aec0-c47bb9159c1b)] -> css selector: #data_RFEA_license_type_validate], [C, A, R, N, E, T,  , P, L, U, S]])
09:23:11.188 INFO - Done: [send keys: 7 [[FirefoxDriver: firefox on WINDOWS (389e18db-7c38-49d5-aec0-c47bb9159c1b)] -> css selector: #data_RFEA_license_type_validate], [C, A, R, N, E, T,  , P, L, U, S]]
09:23:11.192 INFO - Executing: [find element: By.cssSelector: #data_RFEA_license_type_validate_CARNET PLUS])
09:23:11.718 WARN - Exception thrown
org.openqa.selenium.NoSuchElementException: Unable to locate element: {"method":"css selector","selector":"#data_RFEA_license_type_validate_CARNET PLUS"}
Command duration or timeout: 41 milliseconds
For documentation on this error, please visit: http://seleniumhq.org/exceptions/no_such_element.html
Build info: version: '2.53.0', revision: '35ae25b', time: '2016-03-15 17:00:58'
System info: host: 'Javi', ip: '192.168.1.123', os.name: 'Windows 10', os.arch: 'amd64', os.version: '10.0', java.version: '1.8.0_91'
Driver info: org.openqa.selenium.firefox.FirefoxDriver
Capabilities [{applicationCacheEnabled=true, rotatable=false, handlesAlerts=true, databaseEnabled=true, version=45.0.1, platform=WINDOWS, nativeEvents=false, acceptSslCerts=true, webStorageEnabled=true, locationContextEnabled=true, browserName=firefox, takesScreenshot=true, javascriptEnabled=true, cssSelectorsEnabled=true}]
Session ID: 389e18db-7c38-49d5-aec0-c47bb9159c1b
*** Element info: {Using=css selector, value=#data_RFEA_license_type_validate_CARNET PLUS}
	at sun.reflect.NativeConstructorAccessorImpl.newInstance0(Native Method)
	at sun.reflect.NativeConstructorAccessorImpl.newInstance(Unknown Source)
	at sun.reflect.DelegatingConstructorAccessorImpl.newInstance(Unknown Source)
	at java.lang.reflect.Constructor.newInstance(Unknown Source)
	at org.openqa.selenium.remote.ErrorHandler.createThrowable(ErrorHandler.java:206)
	at org.openqa.selenium.remote.ErrorHandler.throwIfResponseFailed(ErrorHandler.java:158)
	at org.openqa.selenium.remote.RemoteWebDriver.execute(RemoteWebDriver.java:678)
	at org.openqa.selenium.remote.RemoteWebDriver.findElement(RemoteWebDriver.java:363)
	at org.openqa.selenium.remote.RemoteWebDriver.findElementByCssSelector(RemoteWebDriver.java:492)
	at org.openqa.selenium.By$ByCssSelector.findElement(By.java:430)
	at org.openqa.selenium.remote.RemoteWebDriver.findElement(RemoteWebDriver.java:355)
	at sun.reflect.NativeMethodAccessorImpl.invoke0(Native Method)
	at sun.reflect.NativeMethodAccessorImpl.invoke(Unknown Source)
	at sun.reflect.DelegatingMethodAccessorImpl.invoke(Unknown Source)
	at java.lang.reflect.Method.invoke(Unknown Source)
	at org.openqa.selenium.support.events.EventFiringWebDriver$2.invoke(EventFiringWebDriver.java:103)
	at com.sun.proxy.$Proxy1.findElement(Unknown Source)
	at org.openqa.selenium.support.events.EventFiringWebDriver.findElement(EventFiringWebDriver.java:188)
	at org.openqa.selenium.remote.server.handler.FindElement.call(FindElement.java:48)
	at org.openqa.selenium.remote.server.handler.FindElement.call(FindElement.java:1)
	at java.util.concurrent.FutureTask.run(Unknown Source)
	at org.openqa.selenium.remote.server.DefaultSession$1.run(DefaultSession.java:176)
	at java.util.concurrent.ThreadPoolExecutor.runWorker(Unknown Source)
	at java.util.concurrent.ThreadPoolExecutor$Worker.run(Unknown Source)
	at java.lang.Thread.run(Unknown Source)
Caused by: org.openqa.selenium.NoSuchElementException: Unable to locate element: {"method":"css selector","selector":"#data_RFEA_license_type_validate_CARNET PLUS"}
For documentation on this error, please visit: http://seleniumhq.org/exceptions/no_such_element.html
Build info: version: '2.53.0', revision: '35ae25b', time: '2016-03-15 17:00:58'
System info: host: 'Javi', ip: '192.168.1.123', os.name: 'Windows 10', os.arch: 'amd64', os.version: '10.0', java.version: '1.8.0_91'
Driver info: driver.version: unknown
	at <anonymous class>.FirefoxDriver.prototype.findElementInternal_(file:///C:/Users/Javier/AppData/Local/Temp/anonymous6110736949359122473webdriver-profile/extensions/fxdriver@googlecode.com/components/driver-component.js:10770)
	at <anonymous class>.FirefoxDriver.prototype.findElement(file:///C:/Users/Javier/AppData/Local/Temp/anonymous6110736949359122473webdriver-profile/extensions/fxdriver@googlecode.com/components/driver-component.js:10779)
	at <anonymous class>.DelayedCommand.prototype.executeInternal_/h(file:///C:/Users/Javier/AppData/Local/Temp/anonymous6110736949359122473webdriver-profile/extensions/fxdriver@googlecode.com/components/command-processor.js:12661)
	at <anonymous class>.DelayedCommand.prototype.executeInternal_(file:///C:/Users/Javier/AppData/Local/Temp/anonymous6110736949359122473webdriver-profile/extensions/fxdriver@googlecode.com/components/command-processor.js:12666)
	at <anonymous class>.DelayedCommand.prototype.execute/<(file:///C:/Users/Javier/AppData/Local/Temp/anonymous6110736949359122473webdriver-profile/extensions/fxdriver@googlecode.com/components/command-processor.js:12608)
09:23:11.722 WARN - Exception: Unable to locate element: {"method":"css selector","selector":"#data_RFEA_license_type_validate_CARNET PLUS"}
For documentation on this error, please visit: http://seleniumhq.org/exceptions/no_such_element.html
Build info: version: '2.53.0', revision: '35ae25b', time: '2016-03-15 17:00:58'
System info: host: 'Javi', ip: '192.168.1.123', os.name: 'Windows 10', os.arch: 'amd64', os.version: '10.0', java.version: '1.8.0_91'
Driver info: driver.version: unknown
09:23:11.762 INFO - Executing: [find element: By.cssSelector: body])
09:23:11.790 INFO - Done: [find element: By.cssSelector: body]
09:23:11.792 INFO - Executing: [click: 8 [[FirefoxDriver: firefox on WINDOWS (389e18db-7c38-49d5-aec0-c47bb9159c1b)] -> css selector: body]])
09:23:11.948 INFO - Done: [click: 8 [[FirefoxDriver: firefox on WINDOWS (389e18db-7c38-49d5-aec0-c47bb9159c1b)] -> css selector: body]]
09:23:12.957 INFO - Executing: [find element: By.cssSelector: #data_RFEA_carnet_validate])
09:23:13.001 INFO - Done: [find element: By.cssSelector: #data_RFEA_carnet_validate]
09:23:13.004 INFO - Executing: [send keys: 9 [[FirefoxDriver: firefox on WINDOWS (389e18db-7c38-49d5-aec0-c47bb9159c1b)] -> css selector: #data_RFEA_carnet_validate], [9, 0, 3]])
09:23:13.061 INFO - Done: [send keys: 9 [[FirefoxDriver: firefox on WINDOWS (389e18db-7c38-49d5-aec0-c47bb9159c1b)] -> css selector: #data_RFEA_carnet_validate], [9, 0, 3]]
09:23:13.064 INFO - Executing: [find element: By.cssSelector: #data_RFEA_carnet_validate_903])
09:23:13.499 WARN - Exception thrown
org.openqa.selenium.NoSuchElementException: Unable to locate element: {"method":"css selector","selector":"#data_RFEA_carnet_validate_903"}
Command duration or timeout: 18 milliseconds
For documentation on this error, please visit: http://seleniumhq.org/exceptions/no_such_element.html
Build info: version: '2.53.0', revision: '35ae25b', time: '2016-03-15 17:00:58'
System info: host: 'Javi', ip: '192.168.1.123', os.name: 'Windows 10', os.arch: 'amd64', os.version: '10.0', java.version: '1.8.0_91'
Driver info: org.openqa.selenium.firefox.FirefoxDriver
Capabilities [{applicationCacheEnabled=true, rotatable=false, handlesAlerts=true, databaseEnabled=true, version=45.0.1, platform=WINDOWS, nativeEvents=false, acceptSslCerts=true, webStorageEnabled=true, locationContextEnabled=true, browserName=firefox, takesScreenshot=true, javascriptEnabled=true, cssSelectorsEnabled=true}]
Session ID: 389e18db-7c38-49d5-aec0-c47bb9159c1b
*** Element info: {Using=css selector, value=#data_RFEA_carnet_validate_903}
	at sun.reflect.NativeConstructorAccessorImpl.newInstance0(Native Method)
	at sun.reflect.NativeConstructorAccessorImpl.newInstance(Unknown Source)
	at sun.reflect.DelegatingConstructorAccessorImpl.newInstance(Unknown Source)
	at java.lang.reflect.Constructor.newInstance(Unknown Source)
	at org.openqa.selenium.remote.ErrorHandler.createThrowable(ErrorHandler.java:206)
	at org.openqa.selenium.remote.ErrorHandler.throwIfResponseFailed(ErrorHandler.java:158)
	at org.openqa.selenium.remote.RemoteWebDriver.execute(RemoteWebDriver.java:678)
	at org.openqa.selenium.remote.RemoteWebDriver.findElement(RemoteWebDriver.java:363)
	at org.openqa.selenium.remote.RemoteWebDriver.findElementByCssSelector(RemoteWebDriver.java:492)
	at org.openqa.selenium.By$ByCssSelector.findElement(By.java:430)
	at org.openqa.selenium.remote.RemoteWebDriver.findElement(RemoteWebDriver.java:355)
	at sun.reflect.NativeMethodAccessorImpl.invoke0(Native Method)
	at sun.reflect.NativeMethodAccessorImpl.invoke(Unknown Source)
	at sun.reflect.DelegatingMethodAccessorImpl.invoke(Unknown Source)
	at java.lang.reflect.Method.invoke(Unknown Source)
	at org.openqa.selenium.support.events.EventFiringWebDriver$2.invoke(EventFiringWebDriver.java:103)
	at com.sun.proxy.$Proxy1.findElement(Unknown Source)
	at org.openqa.selenium.support.events.EventFiringWebDriver.findElement(EventFiringWebDriver.java:188)
	at org.openqa.selenium.remote.server.handler.FindElement.call(FindElement.java:48)
	at org.openqa.selenium.remote.server.handler.FindElement.call(FindElement.java:1)
	at java.util.concurrent.FutureTask.run(Unknown Source)
	at org.openqa.selenium.remote.server.DefaultSession$1.run(DefaultSession.java:176)
	at java.util.concurrent.ThreadPoolExecutor.runWorker(Unknown Source)
	at java.util.concurrent.ThreadPoolExecutor$Worker.run(Unknown Source)
	at java.lang.Thread.run(Unknown Source)
Caused by: org.openqa.selenium.NoSuchElementException: Unable to locate element: {"method":"css selector","selector":"#data_RFEA_carnet_validate_903"}
For documentation on this error, please visit: http://seleniumhq.org/exceptions/no_such_element.html
Build info: version: '2.53.0', revision: '35ae25b', time: '2016-03-15 17:00:58'
System info: host: 'Javi', ip: '192.168.1.123', os.name: 'Windows 10', os.arch: 'amd64', os.version: '10.0', java.version: '1.8.0_91'
Driver info: driver.version: unknown
	at <anonymous class>.FirefoxDriver.prototype.findElementInternal_(file:///C:/Users/Javier/AppData/Local/Temp/anonymous6110736949359122473webdriver-profile/extensions/fxdriver@googlecode.com/components/driver-component.js:10770)
	at <anonymous class>.FirefoxDriver.prototype.findElement(file:///C:/Users/Javier/AppData/Local/Temp/anonymous6110736949359122473webdriver-profile/extensions/fxdriver@googlecode.com/components/driver-component.js:10779)
	at <anonymous class>.DelayedCommand.prototype.executeInternal_/h(file:///C:/Users/Javier/AppData/Local/Temp/anonymous6110736949359122473webdriver-profile/extensions/fxdriver@googlecode.com/components/command-processor.js:12661)
	at <anonymous class>.DelayedCommand.prototype.executeInternal_(file:///C:/Users/Javier/AppData/Local/Temp/anonymous6110736949359122473webdriver-profile/extensions/fxdriver@googlecode.com/components/command-processor.js:12666)
	at <anonymous class>.DelayedCommand.prototype.execute/<(file:///C:/Users/Javier/AppData/Local/Temp/anonymous6110736949359122473webdriver-profile/extensions/fxdriver@googlecode.com/components/command-processor.js:12608)
09:23:13.500 WARN - Exception: Unable to locate element: {"method":"css selector","selector":"#data_RFEA_carnet_validate_903"}
For documentation on this error, please visit: http://seleniumhq.org/exceptions/no_such_element.html
Build info: version: '2.53.0', revision: '35ae25b', time: '2016-03-15 17:00:58'
System info: host: 'Javi', ip: '192.168.1.123', os.name: 'Windows 10', os.arch: 'amd64', os.version: '10.0', java.version: '1.8.0_91'
Driver info: driver.version: unknown
09:23:13.526 INFO - Executing: [find element: By.cssSelector: body])
09:23:13.541 INFO - Done: [find element: By.cssSelector: body]
09:23:13.544 INFO - Executing: [click: 8 [[FirefoxDriver: firefox on WINDOWS (389e18db-7c38-49d5-aec0-c47bb9159c1b)] -> css selector: body]])
09:23:13.616 INFO - Done: [click: 8 [[FirefoxDriver: firefox on WINDOWS (389e18db-7c38-49d5-aec0-c47bb9159c1b)] -> css selector: body]]
09:23:14.121 INFO - Executing: [find element: By.cssSelector: #data_RFEA_birth_validate])
09:23:14.170 INFO - Done: [find element: By.cssSelector: #data_RFEA_birth_validate]
09:23:14.174 INFO - Executing: [send keys: 10 [[FirefoxDriver: firefox on WINDOWS (389e18db-7c38-49d5-aec0-c47bb9159c1b)] -> css selector: #data_RFEA_birth_validate], [1, 9, 7, 2, -, A, g, o, s, t, o, -, 0, 5]])
09:23:14.590 WARN - Exception thrown
org.openqa.selenium.ElementNotVisibleException: Element is not currently visible and so may not be interacted with
Command duration or timeout: 24 milliseconds
Build info: version: '2.53.0', revision: '35ae25b', time: '2016-03-15 17:00:58'
System info: host: 'Javi', ip: '192.168.1.123', os.name: 'Windows 10', os.arch: 'amd64', os.version: '10.0', java.version: '1.8.0_91'
Driver info: org.openqa.selenium.firefox.FirefoxDriver
Capabilities [{applicationCacheEnabled=true, rotatable=false, handlesAlerts=true, databaseEnabled=true, version=45.0.1, platform=WINDOWS, nativeEvents=false, acceptSslCerts=true, webStorageEnabled=true, locationContextEnabled=true, browserName=firefox, takesScreenshot=true, javascriptEnabled=true, cssSelectorsEnabled=true}]
Session ID: 389e18db-7c38-49d5-aec0-c47bb9159c1b
	at sun.reflect.NativeConstructorAccessorImpl.newInstance0(Native Method)
	at sun.reflect.NativeConstructorAccessorImpl.newInstance(Unknown Source)
	at sun.reflect.DelegatingConstructorAccessorImpl.newInstance(Unknown Source)
	at java.lang.reflect.Constructor.newInstance(Unknown Source)
	at org.openqa.selenium.remote.ErrorHandler.createThrowable(ErrorHandler.java:206)
	at org.openqa.selenium.remote.ErrorHandler.throwIfResponseFailed(ErrorHandler.java:158)
	at org.openqa.selenium.remote.RemoteWebDriver.execute(RemoteWebDriver.java:678)
	at org.openqa.selenium.remote.RemoteWebElement.execute(RemoteWebElement.java:327)
	at org.openqa.selenium.remote.RemoteWebElement.sendKeys(RemoteWebElement.java:122)
	at sun.reflect.NativeMethodAccessorImpl.invoke0(Native Method)
	at sun.reflect.NativeMethodAccessorImpl.invoke(Unknown Source)
	at sun.reflect.DelegatingMethodAccessorImpl.invoke(Unknown Source)
	at java.lang.reflect.Method.invoke(Unknown Source)
	at org.openqa.selenium.support.events.EventFiringWebDriver$EventFiringWebElement$1.invoke(EventFiringWebDriver.java:335)
	at com.sun.proxy.$Proxy2.sendKeys(Unknown Source)
	at org.openqa.selenium.support.events.EventFiringWebDriver$EventFiringWebElement.sendKeys(EventFiringWebDriver.java:358)
	at sun.reflect.NativeMethodAccessorImpl.invoke0(Native Method)
	at sun.reflect.NativeMethodAccessorImpl.invoke(Unknown Source)
	at sun.reflect.DelegatingMethodAccessorImpl.invoke(Unknown Source)
	at java.lang.reflect.Method.invoke(Unknown Source)
	at org.openqa.selenium.remote.server.KnownElements$1.invoke(KnownElements.java:64)
	at com.sun.proxy.$Proxy3.sendKeys(Unknown Source)
	at org.openqa.selenium.remote.server.handler.SendKeys.call(SendKeys.java:50)
	at org.openqa.selenium.remote.server.handler.SendKeys.call(SendKeys.java:1)
	at java.util.concurrent.FutureTask.run(Unknown Source)
	at org.openqa.selenium.remote.server.DefaultSession$1.run(DefaultSession.java:176)
	at java.util.concurrent.ThreadPoolExecutor.runWorker(Unknown Source)
	at java.util.concurrent.ThreadPoolExecutor$Worker.run(Unknown Source)
	at java.lang.Thread.run(Unknown Source)
Caused by: org.openqa.selenium.ElementNotVisibleException: Element is not currently visible and so may not be interacted with
Build info: version: '2.53.0', revision: '35ae25b', time: '2016-03-15 17:00:58'
System info: host: 'Javi', ip: '192.168.1.123', os.name: 'Windows 10', os.arch: 'amd64', os.version: '10.0', java.version: '1.8.0_91'
Driver info: driver.version: unknown
	at <anonymous class>.fxdriver.preconditions.visible(file:///C:/Users/Javier/AppData/Local/Temp/anonymous6110736949359122473webdriver-profile/extensions/fxdriver@googlecode.com/components/command-processor.js:10092)
	at <anonymous class>.DelayedCommand.prototype.checkPreconditions_(file:///C:/Users/Javier/AppData/Local/Temp/anonymous6110736949359122473webdriver-profile/extensions/fxdriver@googlecode.com/components/command-processor.js:12644)
	at <anonymous class>.DelayedCommand.prototype.executeInternal_/h(file:///C:/Users/Javier/AppData/Local/Temp/anonymous6110736949359122473webdriver-profile/extensions/fxdriver@googlecode.com/components/command-processor.js:12661)
	at <anonymous class>.DelayedCommand.prototype.executeInternal_(file:///C:/Users/Javier/AppData/Local/Temp/anonymous6110736949359122473webdriver-profile/extensions/fxdriver@googlecode.com/components/command-processor.js:12666)
	at <anonymous class>.DelayedCommand.prototype.execute/<(file:///C:/Users/Javier/AppData/Local/Temp/anonymous6110736949359122473webdriver-profile/extensions/fxdriver@googlecode.com/components/command-processor.js:12608)
09:23:14.591 WARN - Exception: Element is not currently visible and so may not be interacted with
Build info: version: '2.53.0', revision: '35ae25b', time: '2016-03-15 17:00:58'
System info: host: 'Javi', ip: '192.168.1.123', os.name: 'Windows 10', os.arch: 'amd64', os.version: '10.0', java.version: '1.8.0_91'
Driver info: driver.version: unknown
09:23:14.622 INFO - Executing: [find element: By.cssSelector: #data_RFEA_birth_validate_year])
09:23:14.636 INFO - Done: [find element: By.cssSelector: #data_RFEA_birth_validate_year]
09:23:14.638 INFO - Executing: [send keys: 11 [[FirefoxDriver: firefox on WINDOWS (389e18db-7c38-49d5-aec0-c47bb9159c1b)] -> css selector: #data_RFEA_birth_validate_year], [1, 9, 7, 2]])
09:23:14.690 INFO - Done: [send keys: 11 [[FirefoxDriver: firefox on WINDOWS (389e18db-7c38-49d5-aec0-c47bb9159c1b)] -> css selector: #data_RFEA_birth_validate_year], [1, 9, 7, 2]]
09:23:14.692 INFO - Executing: [find element: By.cssSelector: #data_RFEA_birth_validate_month])
09:23:14.714 INFO - Done: [find element: By.cssSelector: #data_RFEA_birth_validate_month]
09:23:14.717 INFO - Executing: [send keys: 12 [[FirefoxDriver: firefox on WINDOWS (389e18db-7c38-49d5-aec0-c47bb9159c1b)] -> css selector: #data_RFEA_birth_validate_month], [A, g, o, s, t, o]])
09:23:14.783 INFO - Done: [send keys: 12 [[FirefoxDriver: firefox on WINDOWS (389e18db-7c38-49d5-aec0-c47bb9159c1b)] -> css selector: #data_RFEA_birth_validate_month], [A, g, o, s, t, o]]
09:23:14.786 INFO - Executing: [find element: By.cssSelector: #data_RFEA_birth_validate_day])
09:23:14.805 INFO - Done: [find element: By.cssSelector: #data_RFEA_birth_validate_day]
09:23:14.808 INFO - Executing: [send keys: 13 [[FirefoxDriver: firefox on WINDOWS (389e18db-7c38-49d5-aec0-c47bb9159c1b)] -> css selector: #data_RFEA_birth_validate_day], [0, 5]])
09:23:14.857 INFO - Done: [send keys: 13 [[FirefoxDriver: firefox on WINDOWS (389e18db-7c38-49d5-aec0-c47bb9159c1b)] -> css selector: #data_RFEA_birth_validate_day], [0, 5]]
09:23:14.860 INFO - Executing: [find element: By.cssSelector: #data_RFEA_birth_validate_1972-Agosto-05])
09:23:15.308 WARN - Exception thrown
org.openqa.selenium.NoSuchElementException: Unable to locate element: {"method":"css selector","selector":"#data_RFEA_birth_validate_1972-Agosto-05"}
Command duration or timeout: 21 milliseconds
For documentation on this error, please visit: http://seleniumhq.org/exceptions/no_such_element.html
Build info: version: '2.53.0', revision: '35ae25b', time: '2016-03-15 17:00:58'
System info: host: 'Javi', ip: '192.168.1.123', os.name: 'Windows 10', os.arch: 'amd64', os.version: '10.0', java.version: '1.8.0_91'
Driver info: org.openqa.selenium.firefox.FirefoxDriver
Capabilities [{applicationCacheEnabled=true, rotatable=false, handlesAlerts=true, databaseEnabled=true, version=45.0.1, platform=WINDOWS, nativeEvents=false, acceptSslCerts=true, webStorageEnabled=true, locationContextEnabled=true, browserName=firefox, takesScreenshot=true, javascriptEnabled=true, cssSelectorsEnabled=true}]
Session ID: 389e18db-7c38-49d5-aec0-c47bb9159c1b
*** Element info: {Using=css selector, value=#data_RFEA_birth_validate_1972-Agosto-05}
	at sun.reflect.NativeConstructorAccessorImpl.newInstance0(Native Method)
	at sun.reflect.NativeConstructorAccessorImpl.newInstance(Unknown Source)
	at sun.reflect.DelegatingConstructorAccessorImpl.newInstance(Unknown Source)
	at java.lang.reflect.Constructor.newInstance(Unknown Source)
	at org.openqa.selenium.remote.ErrorHandler.createThrowable(ErrorHandler.java:206)
	at org.openqa.selenium.remote.ErrorHandler.throwIfResponseFailed(ErrorHandler.java:158)
	at org.openqa.selenium.remote.RemoteWebDriver.execute(RemoteWebDriver.java:678)
	at org.openqa.selenium.remote.RemoteWebDriver.findElement(RemoteWebDriver.java:363)
	at org.openqa.selenium.remote.RemoteWebDriver.findElementByCssSelector(RemoteWebDriver.java:492)
	at org.openqa.selenium.By$ByCssSelector.findElement(By.java:430)
	at org.openqa.selenium.remote.RemoteWebDriver.findElement(RemoteWebDriver.java:355)
	at sun.reflect.NativeMethodAccessorImpl.invoke0(Native Method)
	at sun.reflect.NativeMethodAccessorImpl.invoke(Unknown Source)
	at sun.reflect.DelegatingMethodAccessorImpl.invoke(Unknown Source)
	at java.lang.reflect.Method.invoke(Unknown Source)
	at org.openqa.selenium.support.events.EventFiringWebDriver$2.invoke(EventFiringWebDriver.java:103)
	at com.sun.proxy.$Proxy1.findElement(Unknown Source)
	at org.openqa.selenium.support.events.EventFiringWebDriver.findElement(EventFiringWebDriver.java:188)
	at org.openqa.selenium.remote.server.handler.FindElement.call(FindElement.java:48)
	at org.openqa.selenium.remote.server.handler.FindElement.call(FindElement.java:1)
	at java.util.concurrent.FutureTask.run(Unknown Source)
	at org.openqa.selenium.remote.server.DefaultSession$1.run(DefaultSession.java:176)
	at java.util.concurrent.ThreadPoolExecutor.runWorker(Unknown Source)
	at java.util.concurrent.ThreadPoolExecutor$Worker.run(Unknown Source)
	at java.lang.Thread.run(Unknown Source)
Caused by: org.openqa.selenium.NoSuchElementException: Unable to locate element: {"method":"css selector","selector":"#data_RFEA_birth_validate_1972-Agosto-05"}
For documentation on this error, please visit: http://seleniumhq.org/exceptions/no_such_element.html
Build info: version: '2.53.0', revision: '35ae25b', time: '2016-03-15 17:00:58'
System info: host: 'Javi', ip: '192.168.1.123', os.name: 'Windows 10', os.arch: 'amd64', os.version: '10.0', java.version: '1.8.0_91'
Driver info: driver.version: unknown
	at <anonymous class>.FirefoxDriver.prototype.findElementInternal_(file:///C:/Users/Javier/AppData/Local/Temp/anonymous6110736949359122473webdriver-profile/extensions/fxdriver@googlecode.com/components/driver-component.js:10770)
	at <anonymous class>.FirefoxDriver.prototype.findElement(file:///C:/Users/Javier/AppData/Local/Temp/anonymous6110736949359122473webdriver-profile/extensions/fxdriver@googlecode.com/components/driver-component.js:10779)
	at <anonymous class>.DelayedCommand.prototype.executeInternal_/h(file:///C:/Users/Javier/AppData/Local/Temp/anonymous6110736949359122473webdriver-profile/extensions/fxdriver@googlecode.com/components/command-processor.js:12661)
	at <anonymous class>.DelayedCommand.prototype.executeInternal_(file:///C:/Users/Javier/AppData/Local/Temp/anonymous6110736949359122473webdriver-profile/extensions/fxdriver@googlecode.com/components/command-processor.js:12666)
	at <anonymous class>.DelayedCommand.prototype.execute/<(file:///C:/Users/Javier/AppData/Local/Temp/anonymous6110736949359122473webdriver-profile/extensions/fxdriver@googlecode.com/components/command-processor.js:12608)
09:23:15.309 WARN - Exception: Unable to locate element: {"method":"css selector","selector":"#data_RFEA_birth_validate_1972-Agosto-05"}
For documentation on this error, please visit: http://seleniumhq.org/exceptions/no_such_element.html
Build info: version: '2.53.0', revision: '35ae25b', time: '2016-03-15 17:00:58'
System info: host: 'Javi', ip: '192.168.1.123', os.name: 'Windows 10', os.arch: 'amd64', os.version: '10.0', java.version: '1.8.0_91'
Driver info: driver.version: unknown
09:23:15.335 INFO - Executing: [find element: By.cssSelector: body])
09:23:15.349 INFO - Done: [find element: By.cssSelector: body]
09:23:15.351 INFO - Executing: [click: 8 [[FirefoxDriver: firefox on WINDOWS (389e18db-7c38-49d5-aec0-c47bb9159c1b)] -> css selector: body]])
09:23:15.423 INFO - Done: [click: 8 [[FirefoxDriver: firefox on WINDOWS (389e18db-7c38-49d5-aec0-c47bb9159c1b)] -> css selector: body]]
09:23:16.930 INFO - Executing: [find element: By.cssSelector: .form-nav .btn.btn-primary.u-fl-r])
09:23:16.983 INFO - Done: [find element: By.cssSelector: .form-nav .btn.btn-primary.u-fl-r]
09:23:16.987 INFO - Executing: [click: 14 [[FirefoxDriver: firefox on WINDOWS (389e18db-7c38-49d5-aec0-c47bb9159c1b)] -> css selector: .form-nav .btn.btn-primary.u-fl-r]])
09:23:17.253 INFO - Done: [click: 14 [[FirefoxDriver: firefox on WINDOWS (389e18db-7c38-49d5-aec0-c47bb9159c1b)] -> css selector: .form-nav .btn.btn-primary.u-fl-r]]
09:23:17.256 INFO - Executing: [find elements: By.cssSelector: .plainoverlay])
09:23:17.288 INFO - Done: [find elements: By.cssSelector: .plainoverlay]
09:23:17.291 INFO - Executing: [is displayed: 15 [[FirefoxDriver: firefox on WINDOWS (389e18db-7c38-49d5-aec0-c47bb9159c1b)] -> css selector: .plainoverlay]])
09:23:17.319 INFO - Done: [is displayed: 15 [[FirefoxDriver: firefox on WINDOWS (389e18db-7c38-49d5-aec0-c47bb9159c1b)] -> css selector: .plainoverlay]]
09:23:17.322 INFO - Executing: [find elements: By.cssSelector: .plainoverlay])
09:23:17.342 INFO - Done: [find elements: By.cssSelector: .plainoverlay]
09:23:17.347 INFO - Executing: [is displayed: 15 [[FirefoxDriver: firefox on WINDOWS (389e18db-7c38-49d5-aec0-c47bb9159c1b)] -> css selector: .plainoverlay]])
09:23:17.374 INFO - Done: [is displayed: 15 [[FirefoxDriver: firefox on WINDOWS (389e18db-7c38-49d5-aec0-c47bb9159c1b)] -> css selector: .plainoverlay]]
09:23:17.879 INFO - Executing: [is displayed: 15 [[FirefoxDriver: firefox on WINDOWS (389e18db-7c38-49d5-aec0-c47bb9159c1b)] -> css selector: .plainoverlay]])
09:23:17.921 INFO - Done: [is displayed: 15 [[FirefoxDriver: firefox on WINDOWS (389e18db-7c38-49d5-aec0-c47bb9159c1b)] -> css selector: .plainoverlay]]
09:23:18.427 INFO - Executing: [is displayed: 15 [[FirefoxDriver: firefox on WINDOWS (389e18db-7c38-49d5-aec0-c47bb9159c1b)] -> css selector: .plainoverlay]])
09:23:18.466 INFO - Done: [is displayed: 15 [[FirefoxDriver: firefox on WINDOWS (389e18db-7c38-49d5-aec0-c47bb9159c1b)] -> css selector: .plainoverlay]]
09:23:18.970 INFO - Executing: [is displayed: 15 [[FirefoxDriver: firefox on WINDOWS (389e18db-7c38-49d5-aec0-c47bb9159c1b)] -> css selector: .plainoverlay]])
09:23:18.999 INFO - Done: [is displayed: 15 [[FirefoxDriver: firefox on WINDOWS (389e18db-7c38-49d5-aec0-c47bb9159c1b)] -> css selector: .plainoverlay]]
09:23:19.504 INFO - Executing: [is displayed: 15 [[FirefoxDriver: firefox on WINDOWS (389e18db-7c38-49d5-aec0-c47bb9159c1b)] -> css selector: .plainoverlay]])
09:23:19.547 INFO - Done: [is displayed: 15 [[FirefoxDriver: firefox on WINDOWS (389e18db-7c38-49d5-aec0-c47bb9159c1b)] -> css selector: .plainoverlay]]
09:23:20.051 INFO - Executing: [is displayed: 15 [[FirefoxDriver: firefox on WINDOWS (389e18db-7c38-49d5-aec0-c47bb9159c1b)] -> css selector: .plainoverlay]])
09:23:20.089 INFO - Done: [is displayed: 15 [[FirefoxDriver: firefox on WINDOWS (389e18db-7c38-49d5-aec0-c47bb9159c1b)] -> css selector: .plainoverlay]]
09:23:20.593 INFO - Executing: [is displayed: 15 [[FirefoxDriver: firefox on WINDOWS (389e18db-7c38-49d5-aec0-c47bb9159c1b)] -> css selector: .plainoverlay]])
09:23:20.646 INFO - Done: [is displayed: 15 [[FirefoxDriver: firefox on WINDOWS (389e18db-7c38-49d5-aec0-c47bb9159c1b)] -> css selector: .plainoverlay]]
09:23:21.151 INFO - Executing: [is displayed: 15 [[FirefoxDriver: firefox on WINDOWS (389e18db-7c38-49d5-aec0-c47bb9159c1b)] -> css selector: .plainoverlay]])
09:23:21.208 INFO - Done: [is displayed: 15 [[FirefoxDriver: firefox on WINDOWS (389e18db-7c38-49d5-aec0-c47bb9159c1b)] -> css selector: .plainoverlay]]
09:23:21.714 INFO - Executing: [is displayed: 15 [[FirefoxDriver: firefox on WINDOWS (389e18db-7c38-49d5-aec0-c47bb9159c1b)] -> css selector: .plainoverlay]])
09:23:21.760 INFO - Done: [is displayed: 15 [[FirefoxDriver: firefox on WINDOWS (389e18db-7c38-49d5-aec0-c47bb9159c1b)] -> css selector: .plainoverlay]]
09:23:22.265 INFO - Executing: [is displayed: 15 [[FirefoxDriver: firefox on WINDOWS (389e18db-7c38-49d5-aec0-c47bb9159c1b)] -> css selector: .plainoverlay]])
09:23:22.310 INFO - Done: [is displayed: 15 [[FirefoxDriver: firefox on WINDOWS (389e18db-7c38-49d5-aec0-c47bb9159c1b)] -> css selector: .plainoverlay]]
09:23:22.814 INFO - Executing: [is displayed: 15 [[FirefoxDriver: firefox on WINDOWS (389e18db-7c38-49d5-aec0-c47bb9159c1b)] -> css selector: .plainoverlay]])
09:23:22.859 INFO - Done: [is displayed: 15 [[FirefoxDriver: firefox on WINDOWS (389e18db-7c38-49d5-aec0-c47bb9159c1b)] -> css selector: .plainoverlay]]
09:23:23.364 INFO - Executing: [is displayed: 15 [[FirefoxDriver: firefox on WINDOWS (389e18db-7c38-49d5-aec0-c47bb9159c1b)] -> css selector: .plainoverlay]])
09:23:23.416 INFO - Done: [is displayed: 15 [[FirefoxDriver: firefox on WINDOWS (389e18db-7c38-49d5-aec0-c47bb9159c1b)] -> css selector: .plainoverlay]]
09:23:23.918 INFO - Executing: [is displayed: 15 [[FirefoxDriver: firefox on WINDOWS (389e18db-7c38-49d5-aec0-c47bb9159c1b)] -> css selector: .plainoverlay]])
09:23:23.951 INFO - Done: [is displayed: 15 [[FirefoxDriver: firefox on WINDOWS (389e18db-7c38-49d5-aec0-c47bb9159c1b)] -> css selector: .plainoverlay]]
09:23:24.453 INFO - Executing: [is displayed: 15 [[FirefoxDriver: firefox on WINDOWS (389e18db-7c38-49d5-aec0-c47bb9159c1b)] -> css selector: .plainoverlay]])
09:23:24.471 INFO - Done: [is displayed: 15 [[FirefoxDriver: firefox on WINDOWS (389e18db-7c38-49d5-aec0-c47bb9159c1b)] -> css selector: .plainoverlay]]
09:23:24.474 INFO - Executing: [execute script: var passedArgs = Array.prototype.slice.call(arguments,0); return function (params) {

			var result = [];
			var fields = $(".form-register fieldset.active [name]:not([type=hidden])");
			var pushed = [];

			fields.each(function(index, item) {

				var name = $(item).data("short-name");
				var id = $(item).attr("id");

				if(!id)
					return true;

				if(!name)
					name = $(item).closest("[data-short-name]").data("short-name");

				if($(item).is("[type=radio]")) {
					id = id.split("_").slice(0, id.split("_").length - 1).join("_");
				}

				if(pushed.indexOf(id) == -1) {

					result.push({
						id: id,
						name: name
					});

					pushed.push(id);
				}


			});


			return result;

		}.apply(window, passedArgs);, []])
09:23:24.571 INFO - Done: [execute script: var passedArgs = Array.prototype.slice.call(arguments,0); return function (params) {

			var result = [];
			var fields = $(".form-register fieldset.active [name]:not([type=hidden])");
			var pushed = [];

			fields.each(function(index, item) {

				var name = $(item).data("short-name");
				var id = $(item).attr("id");

				if(!id)
					return true;

				if(!name)
					name = $(item).closest("[data-short-name]").data("short-name");

				if($(item).is("[type=radio]")) {
					id = id.split("_").slice(0, id.split("_").length - 1).join("_");
				}

				if(pushed.indexOf(id) == -1) {

					result.push({
						id: id,
						name: name
					});

					pushed.push(id);
				}


			});


			return result;

		}.apply(window, passedArgs);, []]
09:23:25.587 INFO - Executing: [find element: By.cssSelector: #data_0_Inscription_name])
09:23:25.629 INFO - Done: [find element: By.cssSelector: #data_0_Inscription_name]
09:23:25.632 INFO - Executing: [send keys: 16 [[FirefoxDriver: firefox on WINDOWS (389e18db-7c38-49d5-aec0-c47bb9159c1b)] -> css selector: #data_0_Inscription_name], [u, s, e, r]])
09:23:25.702 INFO - Done: [send keys: 16 [[FirefoxDriver: firefox on WINDOWS (389e18db-7c38-49d5-aec0-c47bb9159c1b)] -> css selector: #data_0_Inscription_name], [u, s, e, r]]
09:23:25.705 INFO - Executing: [find element: By.cssSelector: #data_0_Inscription_name_user])
09:23:26.133 WARN - Exception thrown
org.openqa.selenium.NoSuchElementException: Unable to locate element: {"method":"css selector","selector":"#data_0_Inscription_name_user"}
Command duration or timeout: 28 milliseconds
For documentation on this error, please visit: http://seleniumhq.org/exceptions/no_such_element.html
Build info: version: '2.53.0', revision: '35ae25b', time: '2016-03-15 17:00:58'
System info: host: 'Javi', ip: '192.168.1.123', os.name: 'Windows 10', os.arch: 'amd64', os.version: '10.0', java.version: '1.8.0_91'
Driver info: org.openqa.selenium.firefox.FirefoxDriver
Capabilities [{applicationCacheEnabled=true, rotatable=false, handlesAlerts=true, databaseEnabled=true, version=45.0.1, platform=WINDOWS, nativeEvents=false, acceptSslCerts=true, webStorageEnabled=true, locationContextEnabled=true, browserName=firefox, takesScreenshot=true, javascriptEnabled=true, cssSelectorsEnabled=true}]
Session ID: 389e18db-7c38-49d5-aec0-c47bb9159c1b
*** Element info: {Using=css selector, value=#data_0_Inscription_name_user}
	at sun.reflect.NativeConstructorAccessorImpl.newInstance0(Native Method)
	at sun.reflect.NativeConstructorAccessorImpl.newInstance(Unknown Source)
	at sun.reflect.DelegatingConstructorAccessorImpl.newInstance(Unknown Source)
	at java.lang.reflect.Constructor.newInstance(Unknown Source)
	at org.openqa.selenium.remote.ErrorHandler.createThrowable(ErrorHandler.java:206)
	at org.openqa.selenium.remote.ErrorHandler.throwIfResponseFailed(ErrorHandler.java:158)
	at org.openqa.selenium.remote.RemoteWebDriver.execute(RemoteWebDriver.java:678)
	at org.openqa.selenium.remote.RemoteWebDriver.findElement(RemoteWebDriver.java:363)
	at org.openqa.selenium.remote.RemoteWebDriver.findElementByCssSelector(RemoteWebDriver.java:492)
	at org.openqa.selenium.By$ByCssSelector.findElement(By.java:430)
	at org.openqa.selenium.remote.RemoteWebDriver.findElement(RemoteWebDriver.java:355)
	at sun.reflect.GeneratedMethodAccessor18.invoke(Unknown Source)
	at sun.reflect.DelegatingMethodAccessorImpl.invoke(Unknown Source)
	at java.lang.reflect.Method.invoke(Unknown Source)
	at org.openqa.selenium.support.events.EventFiringWebDriver$2.invoke(EventFiringWebDriver.java:103)
	at com.sun.proxy.$Proxy1.findElement(Unknown Source)
	at org.openqa.selenium.support.events.EventFiringWebDriver.findElement(EventFiringWebDriver.java:188)
	at org.openqa.selenium.remote.server.handler.FindElement.call(FindElement.java:48)
	at org.openqa.selenium.remote.server.handler.FindElement.call(FindElement.java:1)
	at java.util.concurrent.FutureTask.run(Unknown Source)
	at org.openqa.selenium.remote.server.DefaultSession$1.run(DefaultSession.java:176)
	at java.util.concurrent.ThreadPoolExecutor.runWorker(Unknown Source)
	at java.util.concurrent.ThreadPoolExecutor$Worker.run(Unknown Source)
	at java.lang.Thread.run(Unknown Source)
Caused by: org.openqa.selenium.NoSuchElementException: Unable to locate element: {"method":"css selector","selector":"#data_0_Inscription_name_user"}
For documentation on this error, please visit: http://seleniumhq.org/exceptions/no_such_element.html
Build info: version: '2.53.0', revision: '35ae25b', time: '2016-03-15 17:00:58'
System info: host: 'Javi', ip: '192.168.1.123', os.name: 'Windows 10', os.arch: 'amd64', os.version: '10.0', java.version: '1.8.0_91'
Driver info: driver.version: unknown
	at <anonymous class>.FirefoxDriver.prototype.findElementInternal_(file:///C:/Users/Javier/AppData/Local/Temp/anonymous6110736949359122473webdriver-profile/extensions/fxdriver@googlecode.com/components/driver-component.js:10770)
	at <anonymous class>.FirefoxDriver.prototype.findElement(file:///C:/Users/Javier/AppData/Local/Temp/anonymous6110736949359122473webdriver-profile/extensions/fxdriver@googlecode.com/components/driver-component.js:10779)
	at <anonymous class>.DelayedCommand.prototype.executeInternal_/h(file:///C:/Users/Javier/AppData/Local/Temp/anonymous6110736949359122473webdriver-profile/extensions/fxdriver@googlecode.com/components/command-processor.js:12661)
	at <anonymous class>.DelayedCommand.prototype.executeInternal_(file:///C:/Users/Javier/AppData/Local/Temp/anonymous6110736949359122473webdriver-profile/extensions/fxdriver@googlecode.com/components/command-processor.js:12666)
	at <anonymous class>.DelayedCommand.prototype.execute/<(file:///C:/Users/Javier/AppData/Local/Temp/anonymous6110736949359122473webdriver-profile/extensions/fxdriver@googlecode.com/components/command-processor.js:12608)
09:23:26.134 WARN - Exception: Unable to locate element: {"method":"css selector","selector":"#data_0_Inscription_name_user"}
For documentation on this error, please visit: http://seleniumhq.org/exceptions/no_such_element.html
Build info: version: '2.53.0', revision: '35ae25b', time: '2016-03-15 17:00:58'
System info: host: 'Javi', ip: '192.168.1.123', os.name: 'Windows 10', os.arch: 'amd64', os.version: '10.0', java.version: '1.8.0_91'
Driver info: driver.version: unknown
09:23:26.166 INFO - Executing: [find element: By.cssSelector: body])
09:23:26.183 INFO - Done: [find element: By.cssSelector: body]
09:23:26.185 INFO - Executing: [click: 8 [[FirefoxDriver: firefox on WINDOWS (389e18db-7c38-49d5-aec0-c47bb9159c1b)] -> css selector: body]])
09:23:26.268 INFO - Done: [click: 8 [[FirefoxDriver: firefox on WINDOWS (389e18db-7c38-49d5-aec0-c47bb9159c1b)] -> css selector: body]]
09:23:26.774 INFO - Executing: [find element: By.cssSelector: #data_0_Inscription_surname])
09:23:26.819 INFO - Done: [find element: By.cssSelector: #data_0_Inscription_surname]
09:23:26.824 INFO - Executing: [send keys: 17 [[FirefoxDriver: firefox on WINDOWS (389e18db-7c38-49d5-aec0-c47bb9159c1b)] -> css selector: #data_0_Inscription_surname], [u, s, e, r]])
09:23:26.882 INFO - Done: [send keys: 17 [[FirefoxDriver: firefox on WINDOWS (389e18db-7c38-49d5-aec0-c47bb9159c1b)] -> css selector: #data_0_Inscription_surname], [u, s, e, r]]
09:23:26.884 INFO - Executing: [find element: By.cssSelector: #data_0_Inscription_surname_user])
09:23:27.278 WARN - Exception thrown
org.openqa.selenium.NoSuchElementException: Unable to locate element: {"method":"css selector","selector":"#data_0_Inscription_surname_user"}
Command duration or timeout: 18 milliseconds
For documentation on this error, please visit: http://seleniumhq.org/exceptions/no_such_element.html
Build info: version: '2.53.0', revision: '35ae25b', time: '2016-03-15 17:00:58'
System info: host: 'Javi', ip: '192.168.1.123', os.name: 'Windows 10', os.arch: 'amd64', os.version: '10.0', java.version: '1.8.0_91'
Driver info: org.openqa.selenium.firefox.FirefoxDriver
Capabilities [{applicationCacheEnabled=true, rotatable=false, handlesAlerts=true, databaseEnabled=true, version=45.0.1, platform=WINDOWS, nativeEvents=false, acceptSslCerts=true, webStorageEnabled=true, locationContextEnabled=true, browserName=firefox, takesScreenshot=true, javascriptEnabled=true, cssSelectorsEnabled=true}]
Session ID: 389e18db-7c38-49d5-aec0-c47bb9159c1b
*** Element info: {Using=css selector, value=#data_0_Inscription_surname_user}
	at sun.reflect.NativeConstructorAccessorImpl.newInstance0(Native Method)
	at sun.reflect.NativeConstructorAccessorImpl.newInstance(Unknown Source)
	at sun.reflect.DelegatingConstructorAccessorImpl.newInstance(Unknown Source)
	at java.lang.reflect.Constructor.newInstance(Unknown Source)
	at org.openqa.selenium.remote.ErrorHandler.createThrowable(ErrorHandler.java:206)
	at org.openqa.selenium.remote.ErrorHandler.throwIfResponseFailed(ErrorHandler.java:158)
	at org.openqa.selenium.remote.RemoteWebDriver.execute(RemoteWebDriver.java:678)
	at org.openqa.selenium.remote.RemoteWebDriver.findElement(RemoteWebDriver.java:363)
	at org.openqa.selenium.remote.RemoteWebDriver.findElementByCssSelector(RemoteWebDriver.java:492)
	at org.openqa.selenium.By$ByCssSelector.findElement(By.java:430)
	at org.openqa.selenium.remote.RemoteWebDriver.findElement(RemoteWebDriver.java:355)
	at sun.reflect.GeneratedMethodAccessor18.invoke(Unknown Source)
	at sun.reflect.DelegatingMethodAccessorImpl.invoke(Unknown Source)
	at java.lang.reflect.Method.invoke(Unknown Source)
	at org.openqa.selenium.support.events.EventFiringWebDriver$2.invoke(EventFiringWebDriver.java:103)
	at com.sun.proxy.$Proxy1.findElement(Unknown Source)
	at org.openqa.selenium.support.events.EventFiringWebDriver.findElement(EventFiringWebDriver.java:188)
	at org.openqa.selenium.remote.server.handler.FindElement.call(FindElement.java:48)
	at org.openqa.selenium.remote.server.handler.FindElement.call(FindElement.java:1)
	at java.util.concurrent.FutureTask.run(Unknown Source)
	at org.openqa.selenium.remote.server.DefaultSession$1.run(DefaultSession.java:176)
	at java.util.concurrent.ThreadPoolExecutor.runWorker(Unknown Source)
	at java.util.concurrent.ThreadPoolExecutor$Worker.run(Unknown Source)
	at java.lang.Thread.run(Unknown Source)
Caused by: org.openqa.selenium.NoSuchElementException: Unable to locate element: {"method":"css selector","selector":"#data_0_Inscription_surname_user"}
For documentation on this error, please visit: http://seleniumhq.org/exceptions/no_such_element.html
Build info: version: '2.53.0', revision: '35ae25b', time: '2016-03-15 17:00:58'
System info: host: 'Javi', ip: '192.168.1.123', os.name: 'Windows 10', os.arch: 'amd64', os.version: '10.0', java.version: '1.8.0_91'
Driver info: driver.version: unknown
	at <anonymous class>.FirefoxDriver.prototype.findElementInternal_(file:///C:/Users/Javier/AppData/Local/Temp/anonymous6110736949359122473webdriver-profile/extensions/fxdriver@googlecode.com/components/driver-component.js:10770)
	at <anonymous class>.FirefoxDriver.prototype.findElement(file:///C:/Users/Javier/AppData/Local/Temp/anonymous6110736949359122473webdriver-profile/extensions/fxdriver@googlecode.com/components/driver-component.js:10779)
	at <anonymous class>.DelayedCommand.prototype.executeInternal_/h(file:///C:/Users/Javier/AppData/Local/Temp/anonymous6110736949359122473webdriver-profile/extensions/fxdriver@googlecode.com/components/command-processor.js:12661)
	at <anonymous class>.DelayedCommand.prototype.executeInternal_(file:///C:/Users/Javier/AppData/Local/Temp/anonymous6110736949359122473webdriver-profile/extensions/fxdriver@googlecode.com/components/command-processor.js:12666)
	at <anonymous class>.DelayedCommand.prototype.execute/<(file:///C:/Users/Javier/AppData/Local/Temp/anonymous6110736949359122473webdriver-profile/extensions/fxdriver@googlecode.com/components/command-processor.js:12608)
09:23:27.279 WARN - Exception: Unable to locate element: {"method":"css selector","selector":"#data_0_Inscription_surname_user"}
For documentation on this error, please visit: http://seleniumhq.org/exceptions/no_such_element.html
Build info: version: '2.53.0', revision: '35ae25b', time: '2016-03-15 17:00:58'
System info: host: 'Javi', ip: '192.168.1.123', os.name: 'Windows 10', os.arch: 'amd64', os.version: '10.0', java.version: '1.8.0_91'
Driver info: driver.version: unknown
09:23:27.301 INFO - Executing: [find element: By.cssSelector: body])
09:23:27.318 INFO - Done: [find element: By.cssSelector: body]
09:23:27.319 INFO - Executing: [click: 8 [[FirefoxDriver: firefox on WINDOWS (389e18db-7c38-49d5-aec0-c47bb9159c1b)] -> css selector: body]])
09:23:27.476 INFO - Done: [click: 8 [[FirefoxDriver: firefox on WINDOWS (389e18db-7c38-49d5-aec0-c47bb9159c1b)] -> css selector: body]]
09:23:27.979 INFO - Executing: [find element: By.cssSelector: #data_0_Inscription_mail])
09:23:28.027 INFO - Done: [find element: By.cssSelector: #data_0_Inscription_mail]
09:23:28.031 INFO - Executing: [send keys: 18 [[FirefoxDriver: firefox on WINDOWS (389e18db-7c38-49d5-aec0-c47bb9159c1b)] -> css selector: #data_0_Inscription_mail], [u, s, e, r, @, g, m, a, i, l, ., c, o, m]])
09:23:28.115 INFO - Done: [send keys: 18 [[FirefoxDriver: firefox on WINDOWS (389e18db-7c38-49d5-aec0-c47bb9159c1b)] -> css selector: #data_0_Inscription_mail], [u, s, e, r, @, g, m, a, i, l, ., c, o, m]]
09:23:28.118 INFO - Executing: [find element: By.cssSelector: #data_0_Inscription_mail_user@gmail.com])
09:23:28.510 WARN - Exception thrown
org.openqa.selenium.InvalidSelectorException: The given selector #data_0_Inscription_mail_user@gmail.com is either invalid or does not result in a WebElement. The following error occurred:
InvalidSelectorError: An invalid or illegal selector was specified
Command duration or timeout: 21 milliseconds
For documentation on this error, please visit: http://seleniumhq.org/exceptions/invalid_selector_exception.html
Build info: version: '2.53.0', revision: '35ae25b', time: '2016-03-15 17:00:58'
System info: host: 'Javi', ip: '192.168.1.123', os.name: 'Windows 10', os.arch: 'amd64', os.version: '10.0', java.version: '1.8.0_91'
Driver info: org.openqa.selenium.firefox.FirefoxDriver
Capabilities [{applicationCacheEnabled=true, rotatable=false, handlesAlerts=true, databaseEnabled=true, version=45.0.1, platform=WINDOWS, nativeEvents=false, acceptSslCerts=true, webStorageEnabled=true, locationContextEnabled=true, browserName=firefox, takesScreenshot=true, javascriptEnabled=true, cssSelectorsEnabled=true}]
Session ID: 389e18db-7c38-49d5-aec0-c47bb9159c1b
*** Element info: {Using=css selector, value=#data_0_Inscription_mail_user@gmail.com}
	at sun.reflect.NativeConstructorAccessorImpl.newInstance0(Native Method)
	at sun.reflect.NativeConstructorAccessorImpl.newInstance(Unknown Source)
	at sun.reflect.DelegatingConstructorAccessorImpl.newInstance(Unknown Source)
	at java.lang.reflect.Constructor.newInstance(Unknown Source)
	at org.openqa.selenium.remote.ErrorHandler.createThrowable(ErrorHandler.java:206)
	at org.openqa.selenium.remote.ErrorHandler.throwIfResponseFailed(ErrorHandler.java:158)
	at org.openqa.selenium.remote.RemoteWebDriver.execute(RemoteWebDriver.java:678)
	at org.openqa.selenium.remote.RemoteWebDriver.findElement(RemoteWebDriver.java:363)
	at org.openqa.selenium.remote.RemoteWebDriver.findElementByCssSelector(RemoteWebDriver.java:492)
	at org.openqa.selenium.By$ByCssSelector.findElement(By.java:430)
	at org.openqa.selenium.remote.RemoteWebDriver.findElement(RemoteWebDriver.java:355)
	at sun.reflect.GeneratedMethodAccessor18.invoke(Unknown Source)
	at sun.reflect.DelegatingMethodAccessorImpl.invoke(Unknown Source)
	at java.lang.reflect.Method.invoke(Unknown Source)
	at org.openqa.selenium.support.events.EventFiringWebDriver$2.invoke(EventFiringWebDriver.java:103)
	at com.sun.proxy.$Proxy1.findElement(Unknown Source)
	at org.openqa.selenium.support.events.EventFiringWebDriver.findElement(EventFiringWebDriver.java:188)
	at org.openqa.selenium.remote.server.handler.FindElement.call(FindElement.java:48)
	at org.openqa.selenium.remote.server.handler.FindElement.call(FindElement.java:1)
	at java.util.concurrent.FutureTask.run(Unknown Source)
	at org.openqa.selenium.remote.server.DefaultSession$1.run(DefaultSession.java:176)
	at java.util.concurrent.ThreadPoolExecutor.runWorker(Unknown Source)
	at java.util.concurrent.ThreadPoolExecutor$Worker.run(Unknown Source)
	at java.lang.Thread.run(Unknown Source)
Caused by: org.openqa.selenium.InvalidSelectorException: The given selector #data_0_Inscription_mail_user@gmail.com is either invalid or does not result in a WebElement. The following error occurred:
InvalidSelectorError: An invalid or illegal selector was specified
For documentation on this error, please visit: http://seleniumhq.org/exceptions/invalid_selector_exception.html
Build info: version: '2.53.0', revision: '35ae25b', time: '2016-03-15 17:00:58'
System info: host: 'Javi', ip: '192.168.1.123', os.name: 'Windows 10', os.arch: 'amd64', os.version: '10.0', java.version: '1.8.0_91'
Driver info: driver.version: unknown
	at <anonymous class>.FirefoxDriver.annotateInvalidSelectorError_(file:///C:/Users/Javier/AppData/Local/Temp/anonymous6110736949359122473webdriver-profile/extensions/fxdriver@googlecode.com/components/driver-component.js:10744)
	at <anonymous class>.FirefoxDriver.prototype.findElementInternal_(file:///C:/Users/Javier/AppData/Local/Temp/anonymous6110736949359122473webdriver-profile/extensions/fxdriver@googlecode.com/components/driver-component.js:10775)
	at <anonymous class>.FirefoxDriver.prototype.findElement(file:///C:/Users/Javier/AppData/Local/Temp/anonymous6110736949359122473webdriver-profile/extensions/fxdriver@googlecode.com/components/driver-component.js:10779)
	at <anonymous class>.DelayedCommand.prototype.executeInternal_/h(file:///C:/Users/Javier/AppData/Local/Temp/anonymous6110736949359122473webdriver-profile/extensions/fxdriver@googlecode.com/components/command-processor.js:12661)
	at <anonymous class>.DelayedCommand.prototype.executeInternal_(file:///C:/Users/Javier/AppData/Local/Temp/anonymous6110736949359122473webdriver-profile/extensions/fxdriver@googlecode.com/components/command-processor.js:12666)
	at <anonymous class>.DelayedCommand.prototype.execute/<(file:///C:/Users/Javier/AppData/Local/Temp/anonymous6110736949359122473webdriver-profile/extensions/fxdriver@googlecode.com/components/command-processor.js:12608)
09:23:28.511 WARN - Exception: The given selector #data_0_Inscription_mail_user@gmail.com is either invalid or does not result in a WebElement. The following error occurred:
InvalidSelectorError: An invalid or illegal selector was specified
For documentation on this error, please visit: http://seleniumhq.org/exceptions/invalid_selector_exception.html
Build info: version: '2.53.0', revision: '35ae25b', time: '2016-03-15 17:00:58'
System info: host: 'Javi', ip: '192.168.1.123', os.name: 'Windows 10', os.arch: 'amd64', os.version: '10.0', java.version: '1.8.0_91'
Driver info: driver.version: unknown
09:23:28.543 INFO - Executing: [find element: By.cssSelector: body])
09:23:28.561 INFO - Done: [find element: By.cssSelector: body]
09:23:28.563 INFO - Executing: [click: 8 [[FirefoxDriver: firefox on WINDOWS (389e18db-7c38-49d5-aec0-c47bb9159c1b)] -> css selector: body]])
09:23:28.638 INFO - Done: [click: 8 [[FirefoxDriver: firefox on WINDOWS (389e18db-7c38-49d5-aec0-c47bb9159c1b)] -> css selector: body]]
09:23:29.143 INFO - Executing: [find element: By.cssSelector: #data_0_Inscription_tipodni])
09:23:29.182 INFO - Done: [find element: By.cssSelector: #data_0_Inscription_tipodni]
09:23:29.185 INFO - Executing: [send keys: 19 [[FirefoxDriver: firefox on WINDOWS (389e18db-7c38-49d5-aec0-c47bb9159c1b)] -> css selector: #data_0_Inscription_tipodni], [0]])
09:23:29.589 WARN - Exception thrown
org.openqa.selenium.InvalidElementStateException: Element is disabled and so may not be used for actions
Command duration or timeout: 23 milliseconds
Build info: version: '2.53.0', revision: '35ae25b', time: '2016-03-15 17:00:58'
System info: host: 'Javi', ip: '192.168.1.123', os.name: 'Windows 10', os.arch: 'amd64', os.version: '10.0', java.version: '1.8.0_91'
Driver info: org.openqa.selenium.firefox.FirefoxDriver
Capabilities [{applicationCacheEnabled=true, rotatable=false, handlesAlerts=true, databaseEnabled=true, version=45.0.1, platform=WINDOWS, nativeEvents=false, acceptSslCerts=true, webStorageEnabled=true, locationContextEnabled=true, browserName=firefox, takesScreenshot=true, javascriptEnabled=true, cssSelectorsEnabled=true}]
Session ID: 389e18db-7c38-49d5-aec0-c47bb9159c1b
	at sun.reflect.NativeConstructorAccessorImpl.newInstance0(Native Method)
	at sun.reflect.NativeConstructorAccessorImpl.newInstance(Unknown Source)
	at sun.reflect.DelegatingConstructorAccessorImpl.newInstance(Unknown Source)
	at java.lang.reflect.Constructor.newInstance(Unknown Source)
	at org.openqa.selenium.remote.ErrorHandler.createThrowable(ErrorHandler.java:206)
	at org.openqa.selenium.remote.ErrorHandler.throwIfResponseFailed(ErrorHandler.java:158)
	at org.openqa.selenium.remote.RemoteWebDriver.execute(RemoteWebDriver.java:678)
	at org.openqa.selenium.remote.RemoteWebElement.execute(RemoteWebElement.java:327)
	at org.openqa.selenium.remote.RemoteWebElement.sendKeys(RemoteWebElement.java:122)
	at sun.reflect.GeneratedMethodAccessor10.invoke(Unknown Source)
	at sun.reflect.DelegatingMethodAccessorImpl.invoke(Unknown Source)
	at java.lang.reflect.Method.invoke(Unknown Source)
	at org.openqa.selenium.support.events.EventFiringWebDriver$EventFiringWebElement$1.invoke(EventFiringWebDriver.java:335)
	at com.sun.proxy.$Proxy2.sendKeys(Unknown Source)
	at org.openqa.selenium.support.events.EventFiringWebDriver$EventFiringWebElement.sendKeys(EventFiringWebDriver.java:358)
	at sun.reflect.GeneratedMethodAccessor10.invoke(Unknown Source)
	at sun.reflect.DelegatingMethodAccessorImpl.invoke(Unknown Source)
	at java.lang.reflect.Method.invoke(Unknown Source)
	at org.openqa.selenium.remote.server.KnownElements$1.invoke(KnownElements.java:64)
	at com.sun.proxy.$Proxy3.sendKeys(Unknown Source)
	at org.openqa.selenium.remote.server.handler.SendKeys.call(SendKeys.java:50)
	at org.openqa.selenium.remote.server.handler.SendKeys.call(SendKeys.java:1)
	at java.util.concurrent.FutureTask.run(Unknown Source)
	at org.openqa.selenium.remote.server.DefaultSession$1.run(DefaultSession.java:176)
	at java.util.concurrent.ThreadPoolExecutor.runWorker(Unknown Source)
	at java.util.concurrent.ThreadPoolExecutor$Worker.run(Unknown Source)
	at java.lang.Thread.run(Unknown Source)
Caused by: org.openqa.selenium.InvalidElementStateException: Element is disabled and so may not be used for actions
Build info: version: '2.53.0', revision: '35ae25b', time: '2016-03-15 17:00:58'
System info: host: 'Javi', ip: '192.168.1.123', os.name: 'Windows 10', os.arch: 'amd64', os.version: '10.0', java.version: '1.8.0_91'
Driver info: driver.version: unknown
	at <anonymous class>.fxdriver.preconditions.enabled(file:///C:/Users/Javier/AppData/Local/Temp/anonymous6110736949359122473webdriver-profile/extensions/fxdriver@googlecode.com/components/command-processor.js:10098)
	at <anonymous class>.DelayedCommand.prototype.checkPreconditions_(file:///C:/Users/Javier/AppData/Local/Temp/anonymous6110736949359122473webdriver-profile/extensions/fxdriver@googlecode.com/components/command-processor.js:12644)
	at <anonymous class>.DelayedCommand.prototype.executeInternal_/h(file:///C:/Users/Javier/AppData/Local/Temp/anonymous6110736949359122473webdriver-profile/extensions/fxdriver@googlecode.com/components/command-processor.js:12661)
	at <anonymous class>.DelayedCommand.prototype.executeInternal_(file:///C:/Users/Javier/AppData/Local/Temp/anonymous6110736949359122473webdriver-profile/extensions/fxdriver@googlecode.com/components/command-processor.js:12666)
	at <anonymous class>.DelayedCommand.prototype.execute/<(file:///C:/Users/Javier/AppData/Local/Temp/anonymous6110736949359122473webdriver-profile/extensions/fxdriver@googlecode.com/components/command-processor.js:12608)
09:23:29.590 WARN - Exception: Element is disabled and so may not be used for actions
Build info: version: '2.53.0', revision: '35ae25b', time: '2016-03-15 17:00:58'
System info: host: 'Javi', ip: '192.168.1.123', os.name: 'Windows 10', os.arch: 'amd64', os.version: '10.0', java.version: '1.8.0_91'
Driver info: driver.version: unknown
09:23:29.614 INFO - Executing: [find element: By.cssSelector: #data_0_Inscription_tipodni_0])
09:23:30.008 WARN - Exception thrown
org.openqa.selenium.NoSuchElementException: Unable to locate element: {"method":"css selector","selector":"#data_0_Inscription_tipodni_0"}
Command duration or timeout: 16 milliseconds
For documentation on this error, please visit: http://seleniumhq.org/exceptions/no_such_element.html
Build info: version: '2.53.0', revision: '35ae25b', time: '2016-03-15 17:00:58'
System info: host: 'Javi', ip: '192.168.1.123', os.name: 'Windows 10', os.arch: 'amd64', os.version: '10.0', java.version: '1.8.0_91'
Driver info: org.openqa.selenium.firefox.FirefoxDriver
Capabilities [{applicationCacheEnabled=true, rotatable=false, handlesAlerts=true, databaseEnabled=true, version=45.0.1, platform=WINDOWS, nativeEvents=false, acceptSslCerts=true, webStorageEnabled=true, locationContextEnabled=true, browserName=firefox, takesScreenshot=true, javascriptEnabled=true, cssSelectorsEnabled=true}]
Session ID: 389e18db-7c38-49d5-aec0-c47bb9159c1b
*** Element info: {Using=css selector, value=#data_0_Inscription_tipodni_0}
	at sun.reflect.NativeConstructorAccessorImpl.newInstance0(Native Method)
	at sun.reflect.NativeConstructorAccessorImpl.newInstance(Unknown Source)
	at sun.reflect.DelegatingConstructorAccessorImpl.newInstance(Unknown Source)
	at java.lang.reflect.Constructor.newInstance(Unknown Source)
	at org.openqa.selenium.remote.ErrorHandler.createThrowable(ErrorHandler.java:206)
	at org.openqa.selenium.remote.ErrorHandler.throwIfResponseFailed(ErrorHandler.java:158)
	at org.openqa.selenium.remote.RemoteWebDriver.execute(RemoteWebDriver.java:678)
	at org.openqa.selenium.remote.RemoteWebDriver.findElement(RemoteWebDriver.java:363)
	at org.openqa.selenium.remote.RemoteWebDriver.findElementByCssSelector(RemoteWebDriver.java:492)
	at org.openqa.selenium.By$ByCssSelector.findElement(By.java:430)
	at org.openqa.selenium.remote.RemoteWebDriver.findElement(RemoteWebDriver.java:355)
	at sun.reflect.GeneratedMethodAccessor18.invoke(Unknown Source)
	at sun.reflect.DelegatingMethodAccessorImpl.invoke(Unknown Source)
	at java.lang.reflect.Method.invoke(Unknown Source)
	at org.openqa.selenium.support.events.EventFiringWebDriver$2.invoke(EventFiringWebDriver.java:103)
	at com.sun.proxy.$Proxy1.findElement(Unknown Source)
	at org.openqa.selenium.support.events.EventFiringWebDriver.findElement(EventFiringWebDriver.java:188)
	at org.openqa.selenium.remote.server.handler.FindElement.call(FindElement.java:48)
	at org.openqa.selenium.remote.server.handler.FindElement.call(FindElement.java:1)
	at java.util.concurrent.FutureTask.run(Unknown Source)
	at org.openqa.selenium.remote.server.DefaultSession$1.run(DefaultSession.java:176)
	at java.util.concurrent.ThreadPoolExecutor.runWorker(Unknown Source)
	at java.util.concurrent.ThreadPoolExecutor$Worker.run(Unknown Source)
	at java.lang.Thread.run(Unknown Source)
Caused by: org.openqa.selenium.NoSuchElementException: Unable to locate element: {"method":"css selector","selector":"#data_0_Inscription_tipodni_0"}
For documentation on this error, please visit: http://seleniumhq.org/exceptions/no_such_element.html
Build info: version: '2.53.0', revision: '35ae25b', time: '2016-03-15 17:00:58'
System info: host: 'Javi', ip: '192.168.1.123', os.name: 'Windows 10', os.arch: 'amd64', os.version: '10.0', java.version: '1.8.0_91'
Driver info: driver.version: unknown
	at <anonymous class>.FirefoxDriver.prototype.findElementInternal_(file:///C:/Users/Javier/AppData/Local/Temp/anonymous6110736949359122473webdriver-profile/extensions/fxdriver@googlecode.com/components/driver-component.js:10770)
	at <anonymous class>.FirefoxDriver.prototype.findElement(file:///C:/Users/Javier/AppData/Local/Temp/anonymous6110736949359122473webdriver-profile/extensions/fxdriver@googlecode.com/components/driver-component.js:10779)
	at <anonymous class>.DelayedCommand.prototype.executeInternal_/h(file:///C:/Users/Javier/AppData/Local/Temp/anonymous6110736949359122473webdriver-profile/extensions/fxdriver@googlecode.com/components/command-processor.js:12661)
	at <anonymous class>.DelayedCommand.prototype.executeInternal_(file:///C:/Users/Javier/AppData/Local/Temp/anonymous6110736949359122473webdriver-profile/extensions/fxdriver@googlecode.com/components/command-processor.js:12666)
	at <anonymous class>.DelayedCommand.prototype.execute/<(file:///C:/Users/Javier/AppData/Local/Temp/anonymous6110736949359122473webdriver-profile/extensions/fxdriver@googlecode.com/components/command-processor.js:12608)
09:23:30.009 WARN - Exception: Unable to locate element: {"method":"css selector","selector":"#data_0_Inscription_tipodni_0"}
For documentation on this error, please visit: http://seleniumhq.org/exceptions/no_such_element.html
Build info: version: '2.53.0', revision: '35ae25b', time: '2016-03-15 17:00:58'
System info: host: 'Javi', ip: '192.168.1.123', os.name: 'Windows 10', os.arch: 'amd64', os.version: '10.0', java.version: '1.8.0_91'
Driver info: driver.version: unknown
09:23:30.046 INFO - Executing: [find element: By.cssSelector: body])
09:23:30.062 INFO - Done: [find element: By.cssSelector: body]
09:23:30.064 INFO - Executing: [click: 8 [[FirefoxDriver: firefox on WINDOWS (389e18db-7c38-49d5-aec0-c47bb9159c1b)] -> css selector: body]])
09:23:30.136 INFO - Done: [click: 8 [[FirefoxDriver: firefox on WINDOWS (389e18db-7c38-49d5-aec0-c47bb9159c1b)] -> css selector: body]]
09:23:30.640 INFO - Executing: [find element: By.cssSelector: #data_0_Inscription_dni])
09:23:30.681 INFO - Done: [find element: By.cssSelector: #data_0_Inscription_dni]
09:23:30.685 INFO - Executing: [send keys: 20 [[FirefoxDriver: firefox on WINDOWS (389e18db-7c38-49d5-aec0-c47bb9159c1b)] -> css selector: #data_0_Inscription_dni], [2, 2, 5, 8, 4, 2, 0, 5, E]])
09:23:30.739 INFO - Done: [send keys: 20 [[FirefoxDriver: firefox on WINDOWS (389e18db-7c38-49d5-aec0-c47bb9159c1b)] -> css selector: #data_0_Inscription_dni], [2, 2, 5, 8, 4, 2, 0, 5, E]]
09:23:30.741 INFO - Executing: [find element: By.cssSelector: #data_0_Inscription_dni_22584205E])
09:23:31.147 WARN - Exception thrown
org.openqa.selenium.NoSuchElementException: Unable to locate element: {"method":"css selector","selector":"#data_0_Inscription_dni_22584205E"}
Command duration or timeout: 18 milliseconds
For documentation on this error, please visit: http://seleniumhq.org/exceptions/no_such_element.html
Build info: version: '2.53.0', revision: '35ae25b', time: '2016-03-15 17:00:58'
System info: host: 'Javi', ip: '192.168.1.123', os.name: 'Windows 10', os.arch: 'amd64', os.version: '10.0', java.version: '1.8.0_91'
Driver info: org.openqa.selenium.firefox.FirefoxDriver
Capabilities [{applicationCacheEnabled=true, rotatable=false, handlesAlerts=true, databaseEnabled=true, version=45.0.1, platform=WINDOWS, nativeEvents=false, acceptSslCerts=true, webStorageEnabled=true, locationContextEnabled=true, browserName=firefox, takesScreenshot=true, javascriptEnabled=true, cssSelectorsEnabled=true}]
Session ID: 389e18db-7c38-49d5-aec0-c47bb9159c1b
*** Element info: {Using=css selector, value=#data_0_Inscription_dni_22584205E}
	at sun.reflect.NativeConstructorAccessorImpl.newInstance0(Native Method)
	at sun.reflect.NativeConstructorAccessorImpl.newInstance(Unknown Source)
	at sun.reflect.DelegatingConstructorAccessorImpl.newInstance(Unknown Source)
	at java.lang.reflect.Constructor.newInstance(Unknown Source)
	at org.openqa.selenium.remote.ErrorHandler.createThrowable(ErrorHandler.java:206)
	at org.openqa.selenium.remote.ErrorHandler.throwIfResponseFailed(ErrorHandler.java:158)
	at org.openqa.selenium.remote.RemoteWebDriver.execute(RemoteWebDriver.java:678)
	at org.openqa.selenium.remote.RemoteWebDriver.findElement(RemoteWebDriver.java:363)
	at org.openqa.selenium.remote.RemoteWebDriver.findElementByCssSelector(RemoteWebDriver.java:492)
	at org.openqa.selenium.By$ByCssSelector.findElement(By.java:430)
	at org.openqa.selenium.remote.RemoteWebDriver.findElement(RemoteWebDriver.java:355)
	at sun.reflect.GeneratedMethodAccessor18.invoke(Unknown Source)
	at sun.reflect.DelegatingMethodAccessorImpl.invoke(Unknown Source)
	at java.lang.reflect.Method.invoke(Unknown Source)
	at org.openqa.selenium.support.events.EventFiringWebDriver$2.invoke(EventFiringWebDriver.java:103)
	at com.sun.proxy.$Proxy1.findElement(Unknown Source)
	at org.openqa.selenium.support.events.EventFiringWebDriver.findElement(EventFiringWebDriver.java:188)
	at org.openqa.selenium.remote.server.handler.FindElement.call(FindElement.java:48)
	at org.openqa.selenium.remote.server.handler.FindElement.call(FindElement.java:1)
	at java.util.concurrent.FutureTask.run(Unknown Source)
	at org.openqa.selenium.remote.server.DefaultSession$1.run(DefaultSession.java:176)
	at java.util.concurrent.ThreadPoolExecutor.runWorker(Unknown Source)
	at java.util.concurrent.ThreadPoolExecutor$Worker.run(Unknown Source)
	at java.lang.Thread.run(Unknown Source)
Caused by: org.openqa.selenium.NoSuchElementException: Unable to locate element: {"method":"css selector","selector":"#data_0_Inscription_dni_22584205E"}
For documentation on this error, please visit: http://seleniumhq.org/exceptions/no_such_element.html
Build info: version: '2.53.0', revision: '35ae25b', time: '2016-03-15 17:00:58'
System info: host: 'Javi', ip: '192.168.1.123', os.name: 'Windows 10', os.arch: 'amd64', os.version: '10.0', java.version: '1.8.0_91'
Driver info: driver.version: unknown
	at <anonymous class>.FirefoxDriver.prototype.findElementInternal_(file:///C:/Users/Javier/AppData/Local/Temp/anonymous6110736949359122473webdriver-profile/extensions/fxdriver@googlecode.com/components/driver-component.js:10770)
	at <anonymous class>.FirefoxDriver.prototype.findElement(file:///C:/Users/Javier/AppData/Local/Temp/anonymous6110736949359122473webdriver-profile/extensions/fxdriver@googlecode.com/components/driver-component.js:10779)
	at <anonymous class>.DelayedCommand.prototype.executeInternal_/h(file:///C:/Users/Javier/AppData/Local/Temp/anonymous6110736949359122473webdriver-profile/extensions/fxdriver@googlecode.com/components/command-processor.js:12661)
	at <anonymous class>.DelayedCommand.prototype.executeInternal_(file:///C:/Users/Javier/AppData/Local/Temp/anonymous6110736949359122473webdriver-profile/extensions/fxdriver@googlecode.com/components/command-processor.js:12666)
	at <anonymous class>.DelayedCommand.prototype.execute/<(file:///C:/Users/Javier/AppData/Local/Temp/anonymous6110736949359122473webdriver-profile/extensions/fxdriver@googlecode.com/components/command-processor.js:12608)
09:23:31.149 WARN - Exception: Unable to locate element: {"method":"css selector","selector":"#data_0_Inscription_dni_22584205E"}
For documentation on this error, please visit: http://seleniumhq.org/exceptions/no_such_element.html
Build info: version: '2.53.0', revision: '35ae25b', time: '2016-03-15 17:00:58'
System info: host: 'Javi', ip: '192.168.1.123', os.name: 'Windows 10', os.arch: 'amd64', os.version: '10.0', java.version: '1.8.0_91'
Driver info: driver.version: unknown
09:23:31.173 INFO - Executing: [find element: By.cssSelector: body])
09:23:31.189 INFO - Done: [find element: By.cssSelector: body]
09:23:31.191 INFO - Executing: [click: 8 [[FirefoxDriver: firefox on WINDOWS (389e18db-7c38-49d5-aec0-c47bb9159c1b)] -> css selector: body]])
09:23:31.262 INFO - Done: [click: 8 [[FirefoxDriver: firefox on WINDOWS (389e18db-7c38-49d5-aec0-c47bb9159c1b)] -> css selector: body]]
09:23:31.767 INFO - Executing: [find element: By.cssSelector: #data_0_Inscription_gender])
09:23:31.819 INFO - Done: [find element: By.cssSelector: #data_0_Inscription_gender]
09:23:31.822 INFO - Executing: [send keys: 21 [[FirefoxDriver: firefox on WINDOWS (389e18db-7c38-49d5-aec0-c47bb9159c1b)] -> css selector: #data_0_Inscription_gender], [0]])
09:23:31.865 INFO - Done: [send keys: 21 [[FirefoxDriver: firefox on WINDOWS (389e18db-7c38-49d5-aec0-c47bb9159c1b)] -> css selector: #data_0_Inscription_gender], [0]]
09:23:31.867 INFO - Executing: [find element: By.cssSelector: #data_0_Inscription_gender_0])
09:23:31.882 INFO - Done: [find element: By.cssSelector: #data_0_Inscription_gender_0]
09:23:31.884 INFO - Executing: [click: 22 [[FirefoxDriver: firefox on WINDOWS (389e18db-7c38-49d5-aec0-c47bb9159c1b)] -> css selector: #data_0_Inscription_gender_0]])
09:23:31.982 INFO - Done: [click: 22 [[FirefoxDriver: firefox on WINDOWS (389e18db-7c38-49d5-aec0-c47bb9159c1b)] -> css selector: #data_0_Inscription_gender_0]]
09:23:31.983 INFO - Executing: [find element: By.cssSelector: body])
09:23:31.999 INFO - Done: [find element: By.cssSelector: body]
09:23:32.000 INFO - Executing: [click: 8 [[FirefoxDriver: firefox on WINDOWS (389e18db-7c38-49d5-aec0-c47bb9159c1b)] -> css selector: body]])
09:23:32.070 INFO - Done: [click: 8 [[FirefoxDriver: firefox on WINDOWS (389e18db-7c38-49d5-aec0-c47bb9159c1b)] -> css selector: body]]
09:23:32.575 INFO - Executing: [find element: By.cssSelector: #data_0_Inscription_dateofbirthday])
09:23:32.613 INFO - Done: [find element: By.cssSelector: #data_0_Inscription_dateofbirthday]
09:23:32.617 INFO - Executing: [send keys: 23 [[FirefoxDriver: firefox on WINDOWS (389e18db-7c38-49d5-aec0-c47bb9159c1b)] -> css selector: #data_0_Inscription_dateofbirthday], [5, -, A, g, o, s, t, o, -, 1, 9, 7, 3]])
09:23:33.057 WARN - Exception thrown
org.openqa.selenium.ElementNotVisibleException: Element is not currently visible and so may not be interacted with
Command duration or timeout: 28 milliseconds
Build info: version: '2.53.0', revision: '35ae25b', time: '2016-03-15 17:00:58'
System info: host: 'Javi', ip: '192.168.1.123', os.name: 'Windows 10', os.arch: 'amd64', os.version: '10.0', java.version: '1.8.0_91'
Driver info: org.openqa.selenium.firefox.FirefoxDriver
Capabilities [{applicationCacheEnabled=true, rotatable=false, handlesAlerts=true, databaseEnabled=true, version=45.0.1, platform=WINDOWS, nativeEvents=false, acceptSslCerts=true, webStorageEnabled=true, locationContextEnabled=true, browserName=firefox, takesScreenshot=true, javascriptEnabled=true, cssSelectorsEnabled=true}]
Session ID: 389e18db-7c38-49d5-aec0-c47bb9159c1b
	at sun.reflect.NativeConstructorAccessorImpl.newInstance0(Native Method)
	at sun.reflect.NativeConstructorAccessorImpl.newInstance(Unknown Source)
	at sun.reflect.DelegatingConstructorAccessorImpl.newInstance(Unknown Source)
	at java.lang.reflect.Constructor.newInstance(Unknown Source)
	at org.openqa.selenium.remote.ErrorHandler.createThrowable(ErrorHandler.java:206)
	at org.openqa.selenium.remote.ErrorHandler.throwIfResponseFailed(ErrorHandler.java:158)
	at org.openqa.selenium.remote.RemoteWebDriver.execute(RemoteWebDriver.java:678)
	at org.openqa.selenium.remote.RemoteWebElement.execute(RemoteWebElement.java:327)
	at org.openqa.selenium.remote.RemoteWebElement.sendKeys(RemoteWebElement.java:122)
	at sun.reflect.GeneratedMethodAccessor10.invoke(Unknown Source)
	at sun.reflect.DelegatingMethodAccessorImpl.invoke(Unknown Source)
	at java.lang.reflect.Method.invoke(Unknown Source)
	at org.openqa.selenium.support.events.EventFiringWebDriver$EventFiringWebElement$1.invoke(EventFiringWebDriver.java:335)
	at com.sun.proxy.$Proxy2.sendKeys(Unknown Source)
	at org.openqa.selenium.support.events.EventFiringWebDriver$EventFiringWebElement.sendKeys(EventFiringWebDriver.java:358)
	at sun.reflect.GeneratedMethodAccessor10.invoke(Unknown Source)
	at sun.reflect.DelegatingMethodAccessorImpl.invoke(Unknown Source)
	at java.lang.reflect.Method.invoke(Unknown Source)
	at org.openqa.selenium.remote.server.KnownElements$1.invoke(KnownElements.java:64)
	at com.sun.proxy.$Proxy3.sendKeys(Unknown Source)
	at org.openqa.selenium.remote.server.handler.SendKeys.call(SendKeys.java:50)
	at org.openqa.selenium.remote.server.handler.SendKeys.call(SendKeys.java:1)
	at java.util.concurrent.FutureTask.run(Unknown Source)
	at org.openqa.selenium.remote.server.DefaultSession$1.run(DefaultSession.java:176)
	at java.util.concurrent.ThreadPoolExecutor.runWorker(Unknown Source)
	at java.util.concurrent.ThreadPoolExecutor$Worker.run(Unknown Source)
	at java.lang.Thread.run(Unknown Source)
Caused by: org.openqa.selenium.ElementNotVisibleException: Element is not currently visible and so may not be interacted with
Build info: version: '2.53.0', revision: '35ae25b', time: '2016-03-15 17:00:58'
System info: host: 'Javi', ip: '192.168.1.123', os.name: 'Windows 10', os.arch: 'amd64', os.version: '10.0', java.version: '1.8.0_91'
Driver info: driver.version: unknown
	at <anonymous class>.fxdriver.preconditions.visible(file:///C:/Users/Javier/AppData/Local/Temp/anonymous6110736949359122473webdriver-profile/extensions/fxdriver@googlecode.com/components/command-processor.js:10092)
	at <anonymous class>.DelayedCommand.prototype.checkPreconditions_(file:///C:/Users/Javier/AppData/Local/Temp/anonymous6110736949359122473webdriver-profile/extensions/fxdriver@googlecode.com/components/command-processor.js:12644)
	at <anonymous class>.DelayedCommand.prototype.executeInternal_/h(file:///C:/Users/Javier/AppData/Local/Temp/anonymous6110736949359122473webdriver-profile/extensions/fxdriver@googlecode.com/components/command-processor.js:12661)
	at <anonymous class>.DelayedCommand.prototype.executeInternal_(file:///C:/Users/Javier/AppData/Local/Temp/anonymous6110736949359122473webdriver-profile/extensions/fxdriver@googlecode.com/components/command-processor.js:12666)
	at <anonymous class>.DelayedCommand.prototype.execute/<(file:///C:/Users/Javier/AppData/Local/Temp/anonymous6110736949359122473webdriver-profile/extensions/fxdriver@googlecode.com/components/command-processor.js:12608)
09:23:33.058 WARN - Exception: Element is not currently visible and so may not be interacted with
Build info: version: '2.53.0', revision: '35ae25b', time: '2016-03-15 17:00:58'
System info: host: 'Javi', ip: '192.168.1.123', os.name: 'Windows 10', os.arch: 'amd64', os.version: '10.0', java.version: '1.8.0_91'
Driver info: driver.version: unknown
09:23:33.087 INFO - Executing: [find element: By.cssSelector: #data_0_Inscription_dateofbirthday_5-Agosto-1973])
09:23:33.479 WARN - Exception thrown
org.openqa.selenium.NoSuchElementException: Unable to locate element: {"method":"css selector","selector":"#data_0_Inscription_dateofbirthday_5-Agosto-1973"}
Command duration or timeout: 15 milliseconds
For documentation on this error, please visit: http://seleniumhq.org/exceptions/no_such_element.html
Build info: version: '2.53.0', revision: '35ae25b', time: '2016-03-15 17:00:58'
System info: host: 'Javi', ip: '192.168.1.123', os.name: 'Windows 10', os.arch: 'amd64', os.version: '10.0', java.version: '1.8.0_91'
Driver info: org.openqa.selenium.firefox.FirefoxDriver
Capabilities [{applicationCacheEnabled=true, rotatable=false, handlesAlerts=true, databaseEnabled=true, version=45.0.1, platform=WINDOWS, nativeEvents=false, acceptSslCerts=true, webStorageEnabled=true, locationContextEnabled=true, browserName=firefox, takesScreenshot=true, javascriptEnabled=true, cssSelectorsEnabled=true}]
Session ID: 389e18db-7c38-49d5-aec0-c47bb9159c1b
*** Element info: {Using=css selector, value=#data_0_Inscription_dateofbirthday_5-Agosto-1973}
	at sun.reflect.NativeConstructorAccessorImpl.newInstance0(Native Method)
	at sun.reflect.NativeConstructorAccessorImpl.newInstance(Unknown Source)
	at sun.reflect.DelegatingConstructorAccessorImpl.newInstance(Unknown Source)
	at java.lang.reflect.Constructor.newInstance(Unknown Source)
	at org.openqa.selenium.remote.ErrorHandler.createThrowable(ErrorHandler.java:206)
	at org.openqa.selenium.remote.ErrorHandler.throwIfResponseFailed(ErrorHandler.java:158)
	at org.openqa.selenium.remote.RemoteWebDriver.execute(RemoteWebDriver.java:678)
	at org.openqa.selenium.remote.RemoteWebDriver.findElement(RemoteWebDriver.java:363)
	at org.openqa.selenium.remote.RemoteWebDriver.findElementByCssSelector(RemoteWebDriver.java:492)
	at org.openqa.selenium.By$ByCssSelector.findElement(By.java:430)
	at org.openqa.selenium.remote.RemoteWebDriver.findElement(RemoteWebDriver.java:355)
	at sun.reflect.GeneratedMethodAccessor18.invoke(Unknown Source)
	at sun.reflect.DelegatingMethodAccessorImpl.invoke(Unknown Source)
	at java.lang.reflect.Method.invoke(Unknown Source)
	at org.openqa.selenium.support.events.EventFiringWebDriver$2.invoke(EventFiringWebDriver.java:103)
	at com.sun.proxy.$Proxy1.findElement(Unknown Source)
	at org.openqa.selenium.support.events.EventFiringWebDriver.findElement(EventFiringWebDriver.java:188)
	at org.openqa.selenium.remote.server.handler.FindElement.call(FindElement.java:48)
	at org.openqa.selenium.remote.server.handler.FindElement.call(FindElement.java:1)
	at java.util.concurrent.FutureTask.run(Unknown Source)
	at org.openqa.selenium.remote.server.DefaultSession$1.run(DefaultSession.java:176)
	at java.util.concurrent.ThreadPoolExecutor.runWorker(Unknown Source)
	at java.util.concurrent.ThreadPoolExecutor$Worker.run(Unknown Source)
	at java.lang.Thread.run(Unknown Source)
Caused by: org.openqa.selenium.NoSuchElementException: Unable to locate element: {"method":"css selector","selector":"#data_0_Inscription_dateofbirthday_5-Agosto-1973"}
For documentation on this error, please visit: http://seleniumhq.org/exceptions/no_such_element.html
Build info: version: '2.53.0', revision: '35ae25b', time: '2016-03-15 17:00:58'
System info: host: 'Javi', ip: '192.168.1.123', os.name: 'Windows 10', os.arch: 'amd64', os.version: '10.0', java.version: '1.8.0_91'
Driver info: driver.version: unknown
	at <anonymous class>.FirefoxDriver.prototype.findElementInternal_(file:///C:/Users/Javier/AppData/Local/Temp/anonymous6110736949359122473webdriver-profile/extensions/fxdriver@googlecode.com/components/driver-component.js:10770)
	at <anonymous class>.FirefoxDriver.prototype.findElement(file:///C:/Users/Javier/AppData/Local/Temp/anonymous6110736949359122473webdriver-profile/extensions/fxdriver@googlecode.com/components/driver-component.js:10779)
	at <anonymous class>.DelayedCommand.prototype.executeInternal_/h(file:///C:/Users/Javier/AppData/Local/Temp/anonymous6110736949359122473webdriver-profile/extensions/fxdriver@googlecode.com/components/command-processor.js:12661)
	at <anonymous class>.DelayedCommand.prototype.executeInternal_(file:///C:/Users/Javier/AppData/Local/Temp/anonymous6110736949359122473webdriver-profile/extensions/fxdriver@googlecode.com/components/command-processor.js:12666)
	at <anonymous class>.DelayedCommand.prototype.execute/<(file:///C:/Users/Javier/AppData/Local/Temp/anonymous6110736949359122473webdriver-profile/extensions/fxdriver@googlecode.com/components/command-processor.js:12608)
09:23:33.480 WARN - Exception: Unable to locate element: {"method":"css selector","selector":"#data_0_Inscription_dateofbirthday_5-Agosto-1973"}
For documentation on this error, please visit: http://seleniumhq.org/exceptions/no_such_element.html
Build info: version: '2.53.0', revision: '35ae25b', time: '2016-03-15 17:00:58'
System info: host: 'Javi', ip: '192.168.1.123', os.name: 'Windows 10', os.arch: 'amd64', os.version: '10.0', java.version: '1.8.0_91'
Driver info: driver.version: unknown
09:23:33.505 INFO - Executing: [find element: By.cssSelector: body])
09:23:33.523 INFO - Done: [find element: By.cssSelector: body]
09:23:33.525 INFO - Executing: [click: 8 [[FirefoxDriver: firefox on WINDOWS (389e18db-7c38-49d5-aec0-c47bb9159c1b)] -> css selector: body]])
09:23:33.598 INFO - Done: [click: 8 [[FirefoxDriver: firefox on WINDOWS (389e18db-7c38-49d5-aec0-c47bb9159c1b)] -> css selector: body]]
09:23:35.605 INFO - Executing: [find element: By.cssSelector: #data_0_Inscription_phone])
09:23:35.650 INFO - Done: [find element: By.cssSelector: #data_0_Inscription_phone]
09:23:35.653 INFO - Executing: [send keys: 24 [[FirefoxDriver: firefox on WINDOWS (389e18db-7c38-49d5-aec0-c47bb9159c1b)] -> css selector: #data_0_Inscription_phone], [5, 5, 5, 5, 5, 5, 5, 5, 5]])
09:23:35.725 INFO - Done: [send keys: 24 [[FirefoxDriver: firefox on WINDOWS (389e18db-7c38-49d5-aec0-c47bb9159c1b)] -> css selector: #data_0_Inscription_phone], [5, 5, 5, 5, 5, 5, 5, 5, 5]]
09:23:35.726 INFO - Executing: [find element: By.cssSelector: #data_0_Inscription_phone_555555555])
09:23:35.945 WARN - Exception thrown
org.openqa.selenium.NoSuchElementException: Unable to locate element: {"method":"css selector","selector":"#data_0_Inscription_phone_555555555"}
Command duration or timeout: 20 milliseconds
For documentation on this error, please visit: http://seleniumhq.org/exceptions/no_such_element.html
Build info: version: '2.53.0', revision: '35ae25b', time: '2016-03-15 17:00:58'
System info: host: 'Javi', ip: '192.168.1.123', os.name: 'Windows 10', os.arch: 'amd64', os.version: '10.0', java.version: '1.8.0_91'
Driver info: org.openqa.selenium.firefox.FirefoxDriver
Capabilities [{applicationCacheEnabled=true, rotatable=false, handlesAlerts=true, databaseEnabled=true, version=45.0.1, platform=WINDOWS, nativeEvents=false, acceptSslCerts=true, webStorageEnabled=true, locationContextEnabled=true, browserName=firefox, takesScreenshot=true, javascriptEnabled=true, cssSelectorsEnabled=true}]
Session ID: 389e18db-7c38-49d5-aec0-c47bb9159c1b
*** Element info: {Using=css selector, value=#data_0_Inscription_phone_555555555}
	at sun.reflect.NativeConstructorAccessorImpl.newInstance0(Native Method)
	at sun.reflect.NativeConstructorAccessorImpl.newInstance(Unknown Source)
	at sun.reflect.DelegatingConstructorAccessorImpl.newInstance(Unknown Source)
	at java.lang.reflect.Constructor.newInstance(Unknown Source)
	at org.openqa.selenium.remote.ErrorHandler.createThrowable(ErrorHandler.java:206)
	at org.openqa.selenium.remote.ErrorHandler.throwIfResponseFailed(ErrorHandler.java:158)
	at org.openqa.selenium.remote.RemoteWebDriver.execute(RemoteWebDriver.java:678)
	at org.openqa.selenium.remote.RemoteWebDriver.findElement(RemoteWebDriver.java:363)
	at org.openqa.selenium.remote.RemoteWebDriver.findElementByCssSelector(RemoteWebDriver.java:492)
	at org.openqa.selenium.By$ByCssSelector.findElement(By.java:430)
	at org.openqa.selenium.remote.RemoteWebDriver.findElement(RemoteWebDriver.java:355)
	at sun.reflect.GeneratedMethodAccessor18.invoke(Unknown Source)
	at sun.reflect.DelegatingMethodAccessorImpl.invoke(Unknown Source)
	at java.lang.reflect.Method.invoke(Unknown Source)
	at org.openqa.selenium.support.events.EventFiringWebDriver$2.invoke(EventFiringWebDriver.java:103)
	at com.sun.proxy.$Proxy1.findElement(Unknown Source)
	at org.openqa.selenium.support.events.EventFiringWebDriver.findElement(EventFiringWebDriver.java:188)
	at org.openqa.selenium.remote.server.handler.FindElement.call(FindElement.java:48)
	at org.openqa.selenium.remote.server.handler.FindElement.call(FindElement.java:1)
	at java.util.concurrent.FutureTask.run(Unknown Source)
	at org.openqa.selenium.remote.server.DefaultSession$1.run(DefaultSession.java:176)
	at java.util.concurrent.ThreadPoolExecutor.runWorker(Unknown Source)
	at java.util.concurrent.ThreadPoolExecutor$Worker.run(Unknown Source)
	at java.lang.Thread.run(Unknown Source)
Caused by: org.openqa.selenium.NoSuchElementException: Unable to locate element: {"method":"css selector","selector":"#data_0_Inscription_phone_555555555"}
For documentation on this error, please visit: http://seleniumhq.org/exceptions/no_such_element.html
Build info: version: '2.53.0', revision: '35ae25b', time: '2016-03-15 17:00:58'
System info: host: 'Javi', ip: '192.168.1.123', os.name: 'Windows 10', os.arch: 'amd64', os.version: '10.0', java.version: '1.8.0_91'
Driver info: driver.version: unknown
	at <anonymous class>.FirefoxDriver.prototype.findElementInternal_(file:///C:/Users/Javier/AppData/Local/Temp/anonymous6110736949359122473webdriver-profile/extensions/fxdriver@googlecode.com/components/driver-component.js:10770)
	at <anonymous class>.FirefoxDriver.prototype.findElement(file:///C:/Users/Javier/AppData/Local/Temp/anonymous6110736949359122473webdriver-profile/extensions/fxdriver@googlecode.com/components/driver-component.js:10779)
	at <anonymous class>.DelayedCommand.prototype.executeInternal_/h(file:///C:/Users/Javier/AppData/Local/Temp/anonymous6110736949359122473webdriver-profile/extensions/fxdriver@googlecode.com/components/command-processor.js:12661)
	at <anonymous class>.DelayedCommand.prototype.executeInternal_(file:///C:/Users/Javier/AppData/Local/Temp/anonymous6110736949359122473webdriver-profile/extensions/fxdriver@googlecode.com/components/command-processor.js:12666)
	at <anonymous class>.DelayedCommand.prototype.execute/<(file:///C:/Users/Javier/AppData/Local/Temp/anonymous6110736949359122473webdriver-profile/extensions/fxdriver@googlecode.com/components/command-processor.js:12608)
09:23:35.946 WARN - Exception: Unable to locate element: {"method":"css selector","selector":"#data_0_Inscription_phone_555555555"}
For documentation on this error, please visit: http://seleniumhq.org/exceptions/no_such_element.html
Build info: version: '2.53.0', revision: '35ae25b', time: '2016-03-15 17:00:58'
System info: host: 'Javi', ip: '192.168.1.123', os.name: 'Windows 10', os.arch: 'amd64', os.version: '10.0', java.version: '1.8.0_91'
Driver info: driver.version: unknown
09:23:35.957 INFO - Executing: [find element: By.cssSelector: body])
09:23:35.979 INFO - Done: [find element: By.cssSelector: body]
09:23:35.981 INFO - Executing: [click: 8 [[FirefoxDriver: firefox on WINDOWS (389e18db-7c38-49d5-aec0-c47bb9159c1b)] -> css selector: body]])
09:23:36.062 INFO - Done: [click: 8 [[FirefoxDriver: firefox on WINDOWS (389e18db-7c38-49d5-aec0-c47bb9159c1b)] -> css selector: body]]
09:23:36.567 INFO - Executing: [find element: By.cssSelector: #data_0_Inscription_code])
09:23:36.607 INFO - Done: [find element: By.cssSelector: #data_0_Inscription_code]
09:23:36.610 INFO - Executing: [send keys: 25 [[FirefoxDriver: firefox on WINDOWS (389e18db-7c38-49d5-aec0-c47bb9159c1b)] -> css selector: #data_0_Inscription_code], [4, 6, 7, 0, 0]])
09:23:36.670 INFO - Done: [send keys: 25 [[FirefoxDriver: firefox on WINDOWS (389e18db-7c38-49d5-aec0-c47bb9159c1b)] -> css selector: #data_0_Inscription_code], [4, 6, 7, 0, 0]]
09:23:36.671 INFO - Executing: [find element: By.cssSelector: #data_0_Inscription_code_46700])
09:23:36.884 WARN - Exception thrown
org.openqa.selenium.NoSuchElementException: Unable to locate element: {"method":"css selector","selector":"#data_0_Inscription_code_46700"}
Command duration or timeout: 18 milliseconds
For documentation on this error, please visit: http://seleniumhq.org/exceptions/no_such_element.html
Build info: version: '2.53.0', revision: '35ae25b', time: '2016-03-15 17:00:58'
System info: host: 'Javi', ip: '192.168.1.123', os.name: 'Windows 10', os.arch: 'amd64', os.version: '10.0', java.version: '1.8.0_91'
Driver info: org.openqa.selenium.firefox.FirefoxDriver
Capabilities [{applicationCacheEnabled=true, rotatable=false, handlesAlerts=true, databaseEnabled=true, version=45.0.1, platform=WINDOWS, nativeEvents=false, acceptSslCerts=true, webStorageEnabled=true, locationContextEnabled=true, browserName=firefox, takesScreenshot=true, javascriptEnabled=true, cssSelectorsEnabled=true}]
Session ID: 389e18db-7c38-49d5-aec0-c47bb9159c1b
*** Element info: {Using=css selector, value=#data_0_Inscription_code_46700}
	at sun.reflect.NativeConstructorAccessorImpl.newInstance0(Native Method)
	at sun.reflect.NativeConstructorAccessorImpl.newInstance(Unknown Source)
	at sun.reflect.DelegatingConstructorAccessorImpl.newInstance(Unknown Source)
	at java.lang.reflect.Constructor.newInstance(Unknown Source)
	at org.openqa.selenium.remote.ErrorHandler.createThrowable(ErrorHandler.java:206)
	at org.openqa.selenium.remote.ErrorHandler.throwIfResponseFailed(ErrorHandler.java:158)
	at org.openqa.selenium.remote.RemoteWebDriver.execute(RemoteWebDriver.java:678)
	at org.openqa.selenium.remote.RemoteWebDriver.findElement(RemoteWebDriver.java:363)
	at org.openqa.selenium.remote.RemoteWebDriver.findElementByCssSelector(RemoteWebDriver.java:492)
	at org.openqa.selenium.By$ByCssSelector.findElement(By.java:430)
	at org.openqa.selenium.remote.RemoteWebDriver.findElement(RemoteWebDriver.java:355)
	at sun.reflect.GeneratedMethodAccessor18.invoke(Unknown Source)
	at sun.reflect.DelegatingMethodAccessorImpl.invoke(Unknown Source)
	at java.lang.reflect.Method.invoke(Unknown Source)
	at org.openqa.selenium.support.events.EventFiringWebDriver$2.invoke(EventFiringWebDriver.java:103)
	at com.sun.proxy.$Proxy1.findElement(Unknown Source)
	at org.openqa.selenium.support.events.EventFiringWebDriver.findElement(EventFiringWebDriver.java:188)
	at org.openqa.selenium.remote.server.handler.FindElement.call(FindElement.java:48)
	at org.openqa.selenium.remote.server.handler.FindElement.call(FindElement.java:1)
	at java.util.concurrent.FutureTask.run(Unknown Source)
	at org.openqa.selenium.remote.server.DefaultSession$1.run(DefaultSession.java:176)
	at java.util.concurrent.ThreadPoolExecutor.runWorker(Unknown Source)
	at java.util.concurrent.ThreadPoolExecutor$Worker.run(Unknown Source)
	at java.lang.Thread.run(Unknown Source)
Caused by: org.openqa.selenium.NoSuchElementException: Unable to locate element: {"method":"css selector","selector":"#data_0_Inscription_code_46700"}
For documentation on this error, please visit: http://seleniumhq.org/exceptions/no_such_element.html
Build info: version: '2.53.0', revision: '35ae25b', time: '2016-03-15 17:00:58'
System info: host: 'Javi', ip: '192.168.1.123', os.name: 'Windows 10', os.arch: 'amd64', os.version: '10.0', java.version: '1.8.0_91'
Driver info: driver.version: unknown
	at <anonymous class>.FirefoxDriver.prototype.findElementInternal_(file:///C:/Users/Javier/AppData/Local/Temp/anonymous6110736949359122473webdriver-profile/extensions/fxdriver@googlecode.com/components/driver-component.js:10770)
	at <anonymous class>.FirefoxDriver.prototype.findElement(file:///C:/Users/Javier/AppData/Local/Temp/anonymous6110736949359122473webdriver-profile/extensions/fxdriver@googlecode.com/components/driver-component.js:10779)
	at <anonymous class>.DelayedCommand.prototype.executeInternal_/h(file:///C:/Users/Javier/AppData/Local/Temp/anonymous6110736949359122473webdriver-profile/extensions/fxdriver@googlecode.com/components/command-processor.js:12661)
	at <anonymous class>.DelayedCommand.prototype.executeInternal_(file:///C:/Users/Javier/AppData/Local/Temp/anonymous6110736949359122473webdriver-profile/extensions/fxdriver@googlecode.com/components/command-processor.js:12666)
	at <anonymous class>.DelayedCommand.prototype.execute/<(file:///C:/Users/Javier/AppData/Local/Temp/anonymous6110736949359122473webdriver-profile/extensions/fxdriver@googlecode.com/components/command-processor.js:12608)
09:23:36.885 WARN - Exception: Unable to locate element: {"method":"css selector","selector":"#data_0_Inscription_code_46700"}
For documentation on this error, please visit: http://seleniumhq.org/exceptions/no_such_element.html
Build info: version: '2.53.0', revision: '35ae25b', time: '2016-03-15 17:00:58'
System info: host: 'Javi', ip: '192.168.1.123', os.name: 'Windows 10', os.arch: 'amd64', os.version: '10.0', java.version: '1.8.0_91'
Driver info: driver.version: unknown
09:23:36.896 INFO - Executing: [find element: By.cssSelector: body])
09:23:36.915 INFO - Done: [find element: By.cssSelector: body]
09:23:36.917 INFO - Executing: [click: 8 [[FirefoxDriver: firefox on WINDOWS (389e18db-7c38-49d5-aec0-c47bb9159c1b)] -> css selector: body]])
09:23:36.989 INFO - Done: [click: 8 [[FirefoxDriver: firefox on WINDOWS (389e18db-7c38-49d5-aec0-c47bb9159c1b)] -> css selector: body]]
09:23:37.493 INFO - Executing: [find element: By.cssSelector: #data_0_Inscription_club])
09:23:37.536 INFO - Done: [find element: By.cssSelector: #data_0_Inscription_club]
09:23:37.539 INFO - Executing: [send keys: 26 [[FirefoxDriver: firefox on WINDOWS (389e18db-7c38-49d5-aec0-c47bb9159c1b)] -> css selector: #data_0_Inscription_club], [S, I, N,  , C, L, U, B]])
09:23:37.611 INFO - Done: [send keys: 26 [[FirefoxDriver: firefox on WINDOWS (389e18db-7c38-49d5-aec0-c47bb9159c1b)] -> css selector: #data_0_Inscription_club], [S, I, N,  , C, L, U, B]]
09:23:37.614 INFO - Executing: [find element: By.cssSelector: #data_0_Inscription_club_SIN CLUB])
09:23:37.831 WARN - Exception thrown
org.openqa.selenium.NoSuchElementException: Unable to locate element: {"method":"css selector","selector":"#data_0_Inscription_club_SIN CLUB"}
Command duration or timeout: 18 milliseconds
For documentation on this error, please visit: http://seleniumhq.org/exceptions/no_such_element.html
Build info: version: '2.53.0', revision: '35ae25b', time: '2016-03-15 17:00:58'
System info: host: 'Javi', ip: '192.168.1.123', os.name: 'Windows 10', os.arch: 'amd64', os.version: '10.0', java.version: '1.8.0_91'
Driver info: org.openqa.selenium.firefox.FirefoxDriver
Capabilities [{applicationCacheEnabled=true, rotatable=false, handlesAlerts=true, databaseEnabled=true, version=45.0.1, platform=WINDOWS, nativeEvents=false, acceptSslCerts=true, webStorageEnabled=true, locationContextEnabled=true, browserName=firefox, takesScreenshot=true, javascriptEnabled=true, cssSelectorsEnabled=true}]
Session ID: 389e18db-7c38-49d5-aec0-c47bb9159c1b
*** Element info: {Using=css selector, value=#data_0_Inscription_club_SIN CLUB}
	at sun.reflect.NativeConstructorAccessorImpl.newInstance0(Native Method)
	at sun.reflect.NativeConstructorAccessorImpl.newInstance(Unknown Source)
	at sun.reflect.DelegatingConstructorAccessorImpl.newInstance(Unknown Source)
	at java.lang.reflect.Constructor.newInstance(Unknown Source)
	at org.openqa.selenium.remote.ErrorHandler.createThrowable(ErrorHandler.java:206)
	at org.openqa.selenium.remote.ErrorHandler.throwIfResponseFailed(ErrorHandler.java:158)
	at org.openqa.selenium.remote.RemoteWebDriver.execute(RemoteWebDriver.java:678)
	at org.openqa.selenium.remote.RemoteWebDriver.findElement(RemoteWebDriver.java:363)
	at org.openqa.selenium.remote.RemoteWebDriver.findElementByCssSelector(RemoteWebDriver.java:492)
	at org.openqa.selenium.By$ByCssSelector.findElement(By.java:430)
	at org.openqa.selenium.remote.RemoteWebDriver.findElement(RemoteWebDriver.java:355)
	at sun.reflect.GeneratedMethodAccessor18.invoke(Unknown Source)
	at sun.reflect.DelegatingMethodAccessorImpl.invoke(Unknown Source)
	at java.lang.reflect.Method.invoke(Unknown Source)
	at org.openqa.selenium.support.events.EventFiringWebDriver$2.invoke(EventFiringWebDriver.java:103)
	at com.sun.proxy.$Proxy1.findElement(Unknown Source)
	at org.openqa.selenium.support.events.EventFiringWebDriver.findElement(EventFiringWebDriver.java:188)
	at org.openqa.selenium.remote.server.handler.FindElement.call(FindElement.java:48)
	at org.openqa.selenium.remote.server.handler.FindElement.call(FindElement.java:1)
	at java.util.concurrent.FutureTask.run(Unknown Source)
	at org.openqa.selenium.remote.server.DefaultSession$1.run(DefaultSession.java:176)
	at java.util.concurrent.ThreadPoolExecutor.runWorker(Unknown Source)
	at java.util.concurrent.ThreadPoolExecutor$Worker.run(Unknown Source)
	at java.lang.Thread.run(Unknown Source)
Caused by: org.openqa.selenium.NoSuchElementException: Unable to locate element: {"method":"css selector","selector":"#data_0_Inscription_club_SIN CLUB"}
For documentation on this error, please visit: http://seleniumhq.org/exceptions/no_such_element.html
Build info: version: '2.53.0', revision: '35ae25b', time: '2016-03-15 17:00:58'
System info: host: 'Javi', ip: '192.168.1.123', os.name: 'Windows 10', os.arch: 'amd64', os.version: '10.0', java.version: '1.8.0_91'
Driver info: driver.version: unknown
	at <anonymous class>.FirefoxDriver.prototype.findElementInternal_(file:///C:/Users/Javier/AppData/Local/Temp/anonymous6110736949359122473webdriver-profile/extensions/fxdriver@googlecode.com/components/driver-component.js:10770)
	at <anonymous class>.FirefoxDriver.prototype.findElement(file:///C:/Users/Javier/AppData/Local/Temp/anonymous6110736949359122473webdriver-profile/extensions/fxdriver@googlecode.com/components/driver-component.js:10779)
	at <anonymous class>.DelayedCommand.prototype.executeInternal_/h(file:///C:/Users/Javier/AppData/Local/Temp/anonymous6110736949359122473webdriver-profile/extensions/fxdriver@googlecode.com/components/command-processor.js:12661)
	at <anonymous class>.DelayedCommand.prototype.executeInternal_(file:///C:/Users/Javier/AppData/Local/Temp/anonymous6110736949359122473webdriver-profile/extensions/fxdriver@googlecode.com/components/command-processor.js:12666)
	at <anonymous class>.DelayedCommand.prototype.execute/<(file:///C:/Users/Javier/AppData/Local/Temp/anonymous6110736949359122473webdriver-profile/extensions/fxdriver@googlecode.com/components/command-processor.js:12608)
09:23:37.832 WARN - Exception: Unable to locate element: {"method":"css selector","selector":"#data_0_Inscription_club_SIN CLUB"}
For documentation on this error, please visit: http://seleniumhq.org/exceptions/no_such_element.html
Build info: version: '2.53.0', revision: '35ae25b', time: '2016-03-15 17:00:58'
System info: host: 'Javi', ip: '192.168.1.123', os.name: 'Windows 10', os.arch: 'amd64', os.version: '10.0', java.version: '1.8.0_91'
Driver info: driver.version: unknown
09:23:37.842 INFO - Executing: [find element: By.cssSelector: body])
09:23:37.858 INFO - Done: [find element: By.cssSelector: body]
09:23:37.861 INFO - Executing: [click: 8 [[FirefoxDriver: firefox on WINDOWS (389e18db-7c38-49d5-aec0-c47bb9159c1b)] -> css selector: body]])
09:23:37.937 INFO - Done: [click: 8 [[FirefoxDriver: firefox on WINDOWS (389e18db-7c38-49d5-aec0-c47bb9159c1b)] -> css selector: body]]
09:23:39.443 INFO - Executing: [find element: By.cssSelector: .form-nav .btn.btn-primary.u-fl-r])
09:23:39.522 INFO - Done: [find element: By.cssSelector: .form-nav .btn.btn-primary.u-fl-r]
09:23:39.523 INFO - Executing: [click: 14 [[FirefoxDriver: firefox on WINDOWS (389e18db-7c38-49d5-aec0-c47bb9159c1b)] -> css selector: .form-nav .btn.btn-primary.u-fl-r]])
09:23:39.760 INFO - Done: [click: 14 [[FirefoxDriver: firefox on WINDOWS (389e18db-7c38-49d5-aec0-c47bb9159c1b)] -> css selector: .form-nav .btn.btn-primary.u-fl-r]]
09:23:39.765 INFO - Executing: [find elements: By.cssSelector: .plainoverlay])
09:23:39.811 INFO - Done: [find elements: By.cssSelector: .plainoverlay]
09:23:39.814 INFO - Executing: [is displayed: 15 [[FirefoxDriver: firefox on WINDOWS (389e18db-7c38-49d5-aec0-c47bb9159c1b)] -> css selector: .plainoverlay]])
09:23:39.839 INFO - Done: [is displayed: 15 [[FirefoxDriver: firefox on WINDOWS (389e18db-7c38-49d5-aec0-c47bb9159c1b)] -> css selector: .plainoverlay]]
09:23:39.843 INFO - Executing: [find elements: By.cssSelector: .plainoverlay])
09:23:39.865 INFO - Done: [find elements: By.cssSelector: .plainoverlay]
09:23:39.872 INFO - Executing: [is displayed: 15 [[FirefoxDriver: firefox on WINDOWS (389e18db-7c38-49d5-aec0-c47bb9159c1b)] -> css selector: .plainoverlay]])
09:23:39.896 INFO - Done: [is displayed: 15 [[FirefoxDriver: firefox on WINDOWS (389e18db-7c38-49d5-aec0-c47bb9159c1b)] -> css selector: .plainoverlay]]
09:23:40.401 INFO - Executing: [is displayed: 15 [[FirefoxDriver: firefox on WINDOWS (389e18db-7c38-49d5-aec0-c47bb9159c1b)] -> css selector: .plainoverlay]])
09:23:40.423 INFO - Done: [is displayed: 15 [[FirefoxDriver: firefox on WINDOWS (389e18db-7c38-49d5-aec0-c47bb9159c1b)] -> css selector: .plainoverlay]]
09:23:40.428 INFO - Executing: [find elements: By.cssSelector: button.btn])
09:23:40.454 INFO - Done: [find elements: By.cssSelector: button.btn]
09:23:40.956 INFO - Executing: [find elements: By.cssSelector: button.btn])
09:23:41.082 INFO - Done: [find elements: By.cssSelector: button.btn]
09:23:41.084 INFO - Executing: [is displayed: 27 [[FirefoxDriver: firefox on WINDOWS (389e18db-7c38-49d5-aec0-c47bb9159c1b)] -> css selector: button.btn]])
09:23:41.107 INFO - Done: [is displayed: 27 [[FirefoxDriver: firefox on WINDOWS (389e18db-7c38-49d5-aec0-c47bb9159c1b)] -> css selector: button.btn]]
09:23:41.109 INFO - Executing: [find element: By.cssSelector: button.btn])
09:23:41.126 INFO - Done: [find element: By.cssSelector: button.btn]
09:23:41.128 INFO - Executing: [click: 27 [[FirefoxDriver: firefox on WINDOWS (389e18db-7c38-49d5-aec0-c47bb9159c1b)] -> css selector: button.btn]])
09:23:47.813 INFO - Done: [click: 27 [[FirefoxDriver: firefox on WINDOWS (389e18db-7c38-49d5-aec0-c47bb9159c1b)] -> css selector: button.btn]]
